2016-09-13 04:06:35,192 [Worker-15] INFO  o.e.m.c.i.l.LifecycleMappingFactory - Using org.maven.ide.eclipse.wtp.WarLifecycleMapping lifecycle mapping for MavenProject: your.groupid:your-artifactid:1.0.0 @ C:\Users\osmar\Documents\blank\vraptor-blank-project\pom.xml.
2016-09-13 04:06:36,433 [Worker-15] INFO  o.e.m.c.i.e.AbstractTransferListenerAdapter - Downloading https://repo.maven.apache.org/maven2/br/com/caelum/vraptor/4.2.0-RC3/vraptor-4.2.0-RC3.pom
2016-09-13 04:06:36,668 [Worker-15] INFO  o.e.m.c.i.e.AbstractTransferListenerAdapter - Downloaded https://repo.maven.apache.org/maven2/br/com/caelum/vraptor/4.2.0-RC3/vraptor-4.2.0-RC3.pom
2016-09-13 04:06:36,892 [Worker-15] INFO  o.e.m.c.i.e.AbstractTransferListenerAdapter - Downloading https://repo.maven.apache.org/maven2/br/com/caelum/vraptor-parent/4.2.0-RC3/vraptor-parent-4.2.0-RC3.pom
2016-09-13 04:06:37,131 [Worker-15] INFO  o.e.m.c.i.e.AbstractTransferListenerAdapter - Downloaded https://repo.maven.apache.org/maven2/br/com/caelum/vraptor-parent/4.2.0-RC3/vraptor-parent-4.2.0-RC3.pom
2016-09-13 04:06:37,648 [Worker-15] INFO  o.e.m.c.i.e.AbstractTransferListenerAdapter - Downloading https://repo.maven.apache.org/maven2/com/thoughtworks/paranamer/paranamer/2.7/paranamer-2.7.pom
2016-09-13 04:06:37,878 [Worker-15] INFO  o.e.m.c.i.e.AbstractTransferListenerAdapter - Downloaded https://repo.maven.apache.org/maven2/com/thoughtworks/paranamer/paranamer/2.7/paranamer-2.7.pom
2016-09-13 04:06:38,056 [Worker-15] INFO  o.e.m.c.i.e.AbstractTransferListenerAdapter - Downloading https://repo.maven.apache.org/maven2/com/thoughtworks/paranamer/paranamer-parent/2.7/paranamer-parent-2.7.pom
2016-09-13 04:06:38,258 [Worker-15] INFO  o.e.m.c.i.e.AbstractTransferListenerAdapter - Downloaded https://repo.maven.apache.org/maven2/com/thoughtworks/paranamer/paranamer-parent/2.7/paranamer-parent-2.7.pom
2016-09-13 04:06:39,703 [Worker-15] INFO  o.e.m.c.i.e.AbstractTransferListenerAdapter - Downloading https://repo.maven.apache.org/maven2/javax/servlet/javax.servlet-api/3.1.0/javax.servlet-api-3.1.0.pom
2016-09-13 04:06:39,911 [Worker-15] INFO  o.e.m.c.i.e.AbstractTransferListenerAdapter - Downloaded https://repo.maven.apache.org/maven2/javax/servlet/javax.servlet-api/3.1.0/javax.servlet-api-3.1.0.pom
2016-09-13 04:06:40,116 [Worker-15] INFO  o.e.m.c.i.e.AbstractTransferListenerAdapter - Downloading https://repo.maven.apache.org/maven2/org/slf4j/slf4j-log4j12/1.7.5/slf4j-log4j12-1.7.5.pom
2016-09-13 04:06:40,324 [Worker-15] INFO  o.e.m.c.i.e.AbstractTransferListenerAdapter - Downloaded https://repo.maven.apache.org/maven2/org/slf4j/slf4j-log4j12/1.7.5/slf4j-log4j12-1.7.5.pom
2016-09-13 04:06:40,532 [Worker-15] INFO  o.e.m.c.i.e.AbstractTransferListenerAdapter - Downloading https://repo.maven.apache.org/maven2/log4j/log4j/1.2.17/log4j-1.2.17.pom
2016-09-13 04:06:40,944 [Worker-15] INFO  o.e.m.c.i.e.AbstractTransferListenerAdapter - Downloaded https://repo.maven.apache.org/maven2/log4j/log4j/1.2.17/log4j-1.2.17.pom
2016-09-13 04:06:41,160 [Worker-15] INFO  o.e.m.c.i.e.AbstractTransferListenerAdapter - Downloading https://repo.maven.apache.org/maven2/br/com/caelum/vraptor/4.2.0-RC3/vraptor-4.2.0-RC3.jar
2016-09-13 04:06:44,206 [Worker-15] INFO  o.e.m.c.i.e.AbstractTransferListenerAdapter - Downloaded https://repo.maven.apache.org/maven2/br/com/caelum/vraptor/4.2.0-RC3/vraptor-4.2.0-RC3.jar
2016-09-13 04:06:44,364 [Worker-15] INFO  o.e.m.c.i.e.AbstractTransferListenerAdapter - Downloading https://repo.maven.apache.org/maven2/com/thoughtworks/paranamer/paranamer/2.7/paranamer-2.7.jar
2016-09-13 04:06:44,820 [Worker-15] INFO  o.e.m.c.i.e.AbstractTransferListenerAdapter - Downloaded https://repo.maven.apache.org/maven2/com/thoughtworks/paranamer/paranamer/2.7/paranamer-2.7.jar
2016-09-13 04:06:44,975 [Worker-15] INFO  o.e.m.c.i.e.AbstractTransferListenerAdapter - Downloading https://repo.maven.apache.org/maven2/javax/servlet/javax.servlet-api/3.1.0/javax.servlet-api-3.1.0.jar
2016-09-13 04:06:45,646 [Worker-15] INFO  o.e.m.c.i.e.AbstractTransferListenerAdapter - Downloaded https://repo.maven.apache.org/maven2/javax/servlet/javax.servlet-api/3.1.0/javax.servlet-api-3.1.0.jar
2016-09-13 04:06:45,835 [Worker-15] INFO  o.e.m.c.i.e.AbstractTransferListenerAdapter - Downloading https://repo.maven.apache.org/maven2/org/slf4j/slf4j-log4j12/1.7.5/slf4j-log4j12-1.7.5.jar
2016-09-13 04:06:46,213 [Worker-15] INFO  o.e.m.c.i.e.AbstractTransferListenerAdapter - Downloaded https://repo.maven.apache.org/maven2/org/slf4j/slf4j-log4j12/1.7.5/slf4j-log4j12-1.7.5.jar
2016-09-13 04:06:46,454 [Worker-15] INFO  o.e.m.c.i.e.AbstractTransferListenerAdapter - Downloading https://repo.maven.apache.org/maven2/log4j/log4j/1.2.17/log4j-1.2.17.jar
2016-09-13 04:06:49,629 [Worker-15] INFO  o.e.m.c.i.e.AbstractTransferListenerAdapter - Downloaded https://repo.maven.apache.org/maven2/log4j/log4j/1.2.17/log4j-1.2.17.jar
2016-09-13 04:06:53,494 [Worker-15] INFO  o.e.m.j.i.AbstractJavaProjectConfigurator - Adding source folder /vraptor-blank-project/src/main/java
2016-09-13 04:06:53,500 [Worker-15] INFO  o.e.m.j.i.AbstractJavaProjectConfigurator - Adding resource folder /vraptor-blank-project/src/main/resources
2016-09-13 04:06:53,520 [Worker-15] INFO  o.e.m.j.i.AbstractJavaProjectConfigurator - Adding source folder /vraptor-blank-project/src/test/java
2016-09-13 04:06:58,867 [Worker-15] INFO  o.e.m.c.i.p.ProjectConfigurationManager - Imported and configured 1 project(s) in 29 sec
2016-09-13 04:07:01,055 [Worker-5] INFO  o.e.m.c.i.embedder.EclipseLogger - Using 'UTF-8' encoding to copy filtered resources.
2016-09-13 04:07:01,065 [Worker-5] INFO  o.e.m.c.i.embedder.EclipseLogger - Copying 2 resources
2016-09-13 04:07:01,184 [Worker-5] INFO  o.e.m.c.i.embedder.EclipseLogger - Using 'UTF-8' encoding to copy filtered resources.
2016-09-13 04:07:01,210 [Worker-5] INFO  o.e.m.c.i.embedder.EclipseLogger - skip non existing resourceDirectory C:\Users\osmar\Documents\blank\vraptor-blank-project\src\test\resources
2016-09-13 04:07:19,112 [Worker-0] INFO  o.e.m.c.i.p.ProjectConfigurationManager - Update started
2016-09-13 04:07:20,000 [Worker-0] INFO  o.e.m.c.i.l.LifecycleMappingFactory - Using org.maven.ide.eclipse.wtp.WarLifecycleMapping lifecycle mapping for MavenProject: your.groupid:your-artifactid:1.0.0 @ C:\Users\osmar\Documents\blank\vraptor-blank-project\pom.xml.
2016-09-13 04:07:21,796 [Worker-0] INFO  o.e.m.j.i.AbstractJavaProjectConfigurator - Adding source folder /vraptor-blank-project/src/main/java
2016-09-13 04:07:21,803 [Worker-0] INFO  o.e.m.j.i.AbstractJavaProjectConfigurator - Adding resource folder /vraptor-blank-project/src/main/resources
2016-09-13 04:07:21,810 [Worker-0] INFO  o.e.m.j.i.AbstractJavaProjectConfigurator - Adding source folder /vraptor-blank-project/src/test/java
2016-09-13 04:07:22,773 [Worker-0] INFO  o.e.m.w.i.f.ResourceFilteringBuildParticipant - Cleaning filtered folder for vraptor-blank-project
2016-09-13 04:07:22,782 [Worker-0] INFO  o.e.m.c.i.p.ProjectConfigurationManager - Update completed: 3 sec
2016-09-13 04:07:23,327 [Worker-0] INFO  o.e.m.c.i.embedder.EclipseLogger - Using 'UTF-8' encoding to copy filtered resources.
2016-09-13 04:07:23,362 [Worker-0] INFO  o.e.m.c.i.embedder.EclipseLogger - Copying 2 resources
2016-09-13 04:07:23,407 [Worker-0] INFO  o.e.m.c.i.embedder.EclipseLogger - Using 'UTF-8' encoding to copy filtered resources.
2016-09-13 04:07:23,407 [Worker-0] INFO  o.e.m.c.i.embedder.EclipseLogger - skip non existing resourceDirectory C:\Users\osmar\Documents\blank\vraptor-blank-project\src\test\resources
2016-09-13 04:07:23,443 [Worker-0] INFO  o.e.m.w.i.f.ResourceFilteringBuildParticipant - Changed resources require a complete clean of filtered resources of vraptor-blank-project
2016-09-13 04:07:23,444 [Worker-0] INFO  o.e.m.w.i.f.ResourceFilteringBuildParticipant - Executing resource filtering for vraptor-blank-project
2016-09-13 04:07:23,451 [Worker-0] INFO  o.e.m.c.i.embedder.EclipseLogger - Using 'UTF-8' encoding to copy filtered resources.
2016-09-13 04:09:45,296 [Worker-2] INFO  o.e.m.c.i.l.LifecycleMappingFactory - Using org.maven.ide.eclipse.wtp.WarLifecycleMapping lifecycle mapping for MavenProject: your.groupid:your-artifactid:1.0.0 @ C:\Users\osmar\Documents\blank\vraptor-blank-project\pom.xml.
2016-09-13 04:09:47,553 [Worker-2] INFO  o.e.m.c.i.embedder.EclipseLogger - Using 'UTF-8' encoding to copy filtered resources.
2016-09-13 04:09:47,561 [Worker-2] INFO  o.e.m.c.i.embedder.EclipseLogger - Copying 0 resource
2016-09-13 04:09:47,572 [Worker-2] INFO  o.e.m.c.i.embedder.EclipseLogger - Using 'UTF-8' encoding to copy filtered resources.
2016-09-13 04:09:47,572 [Worker-2] INFO  o.e.m.c.i.embedder.EclipseLogger - skip non existing resourceDirectory C:\Users\osmar\Documents\blank\vraptor-blank-project\src\test\resources
2016-09-13 04:09:47,579 [Worker-2] INFO  o.e.m.w.i.f.ResourceFilteringBuildParticipant - Changed resources require a complete clean of filtered resources of vraptor-blank-project
2016-09-13 04:09:47,579 [Worker-2] INFO  o.e.m.w.i.f.ResourceFilteringBuildParticipant - Executing resource filtering for vraptor-blank-project
2016-09-13 04:09:47,588 [Worker-2] INFO  o.e.m.c.i.embedder.EclipseLogger - Using 'UTF-8' encoding to copy filtered resources.
2016-09-13 04:09:49,395 [Worker-0] INFO  o.e.m.c.i.l.LifecycleMappingFactory - Using org.maven.ide.eclipse.wtp.WarLifecycleMapping lifecycle mapping for MavenProject: your.groupid:your-artifactid:1.0.0 @ C:\Users\osmar\Documents\blank\vraptor-blank-project\pom.xml.
2016-09-13 04:09:50,507 [Worker-0] INFO  o.e.m.c.i.embedder.EclipseLogger - Using 'UTF-8' encoding to copy filtered resources.
2016-09-13 04:09:50,522 [Worker-0] INFO  o.e.m.c.i.embedder.EclipseLogger - Copying 2 resources
2016-09-13 04:09:50,582 [Worker-0] INFO  o.e.m.c.i.embedder.EclipseLogger - Using 'UTF-8' encoding to copy filtered resources.
2016-09-13 04:09:50,583 [Worker-0] INFO  o.e.m.c.i.embedder.EclipseLogger - skip non existing resourceDirectory C:\Users\osmar\Documents\blank\vraptor-blank-project\src\test\resources
2016-09-13 04:09:50,590 [Worker-0] INFO  o.e.m.w.i.f.ResourceFilteringBuildParticipant - Changed resources require a complete clean of filtered resources of vraptor-blank-project
2016-09-13 04:09:50,591 [Worker-0] INFO  o.e.m.w.i.f.ResourceFilteringBuildParticipant - Executing resource filtering for vraptor-blank-project
2016-09-13 04:09:50,601 [Worker-0] INFO  o.e.m.c.i.embedder.EclipseLogger - Using 'UTF-8' encoding to copy filtered resources.
2016-09-13 04:09:54,605 [Worker-6] INFO  o.e.m.c.i.p.ProjectConfigurationManager - Update started
2016-09-13 04:09:55,093 [Worker-6] INFO  o.e.m.c.i.l.LifecycleMappingFactory - Using org.maven.ide.eclipse.wtp.WarLifecycleMapping lifecycle mapping for MavenProject: your.groupid:your-artifactid:1.0.0 @ C:\Users\osmar\Documents\blank\vraptor-blank-project\pom.xml.
2016-09-13 04:09:56,450 [Worker-6] INFO  o.e.m.j.i.AbstractJavaProjectConfigurator - Adding source folder /vraptor-blank-project/src/main/java
2016-09-13 04:09:56,468 [Worker-6] INFO  o.e.m.j.i.AbstractJavaProjectConfigurator - Adding resource folder /vraptor-blank-project/src/main/resources
2016-09-13 04:09:56,501 [Worker-6] INFO  o.e.m.j.i.AbstractJavaProjectConfigurator - Adding source folder /vraptor-blank-project/src/test/java
2016-09-13 04:09:57,414 [Worker-6] INFO  o.e.m.w.i.f.ResourceFilteringBuildParticipant - Cleaning filtered folder for vraptor-blank-project
2016-09-13 04:09:57,419 [Worker-6] INFO  o.e.m.c.i.p.ProjectConfigurationManager - Update completed: 2 sec
2016-09-13 04:09:57,779 [Worker-8] INFO  o.e.m.c.i.embedder.EclipseLogger - Using 'UTF-8' encoding to copy filtered resources.
2016-09-13 04:09:57,780 [Worker-8] INFO  o.e.m.c.i.embedder.EclipseLogger - Copying 2 resources
2016-09-13 04:09:57,902 [Worker-8] INFO  o.e.m.c.i.embedder.EclipseLogger - Using 'UTF-8' encoding to copy filtered resources.
2016-09-13 04:09:57,908 [Worker-8] INFO  o.e.m.c.i.embedder.EclipseLogger - skip non existing resourceDirectory C:\Users\osmar\Documents\blank\vraptor-blank-project\src\test\resources
2016-09-13 04:09:57,914 [Worker-8] INFO  o.e.m.w.i.f.ResourceFilteringBuildParticipant - Changed resources require a complete clean of filtered resources of vraptor-blank-project
2016-09-13 04:09:57,914 [Worker-8] INFO  o.e.m.w.i.f.ResourceFilteringBuildParticipant - Executing resource filtering for vraptor-blank-project
2016-09-13 04:09:57,928 [Worker-8] INFO  o.e.m.c.i.embedder.EclipseLogger - Using 'UTF-8' encoding to copy filtered resources.
2016-09-13 04:12:18,727 [Worker-9] INFO  o.e.m.c.i.l.LifecycleMappingFactory - Using org.maven.ide.eclipse.wtp.WarLifecycleMapping lifecycle mapping for MavenProject: your.groupid:your-artifactid:1.0.0 @ C:\Users\osmar\Documents\blank\osmar-horas\pom.xml.
2016-09-13 04:12:20,669 [Worker-9] INFO  o.e.m.c.i.embedder.EclipseLogger - Using 'UTF-8' encoding to copy filtered resources.
2016-09-13 04:12:20,670 [Worker-9] INFO  o.e.m.c.i.embedder.EclipseLogger - Copying 2 resources
2016-09-13 04:12:20,719 [Worker-9] INFO  o.e.m.c.i.embedder.EclipseLogger - Using 'UTF-8' encoding to copy filtered resources.
2016-09-13 04:12:20,731 [Worker-9] INFO  o.e.m.c.i.embedder.EclipseLogger - skip non existing resourceDirectory C:\Users\osmar\Documents\blank\osmar-horas\src\test\resources
2016-09-13 04:12:23,912 [Worker-11] INFO  o.e.m.c.i.embedder.EclipseLogger - Using 'UTF-8' encoding to copy filtered resources.
2016-09-13 04:12:23,915 [Worker-11] INFO  o.e.m.c.i.embedder.EclipseLogger - Copying 2 resources
2016-09-13 04:12:24,056 [Worker-11] INFO  o.e.m.c.i.embedder.EclipseLogger - Using 'UTF-8' encoding to copy filtered resources.
2016-09-13 04:12:24,068 [Worker-11] INFO  o.e.m.c.i.embedder.EclipseLogger - skip non existing resourceDirectory C:\Users\osmar\Documents\blank\osmar-horas\src\test\resources
2016-09-13 04:12:42,066 [Worker-1] INFO  o.e.m.c.i.l.LifecycleMappingFactory - Using org.maven.ide.eclipse.wtp.WarLifecycleMapping lifecycle mapping for MavenProject: your.groupid:your-artifactid:1.0.0 @ C:\Users\osmar\Documents\blank\osmar-horas\pom.xml.
2016-09-13 04:12:43,729 [Worker-1] INFO  o.e.m.c.i.embedder.EclipseLogger - Using 'UTF-8' encoding to copy filtered resources.
2016-09-13 04:12:43,736 [Worker-1] INFO  o.e.m.c.i.embedder.EclipseLogger - Copying 0 resource
2016-09-13 04:12:43,742 [Worker-1] INFO  o.e.m.c.i.embedder.EclipseLogger - Using 'UTF-8' encoding to copy filtered resources.
2016-09-13 04:12:43,748 [Worker-1] INFO  o.e.m.c.i.embedder.EclipseLogger - skip non existing resourceDirectory C:\Users\osmar\Documents\blank\osmar-horas\src\test\resources
2016-09-13 04:12:43,748 [Worker-1] INFO  o.e.m.w.i.f.ResourceFilteringBuildParticipant - Changed resources require a complete clean of filtered resources of osmar-horas
2016-09-13 04:12:43,753 [Worker-1] INFO  o.e.m.w.i.f.ResourceFilteringBuildParticipant - Executing resource filtering for osmar-horas
2016-09-13 04:12:43,760 [Worker-1] INFO  o.e.m.c.i.embedder.EclipseLogger - Using 'UTF-8' encoding to copy filtered resources.
2016-09-13 04:12:45,384 [Worker-11] INFO  o.e.m.c.i.embedder.EclipseLogger - Using 'UTF-8' encoding to copy filtered resources.
2016-09-13 04:12:45,385 [Worker-11] INFO  o.e.m.c.i.embedder.EclipseLogger - Copying 2 resources
2016-09-13 04:12:45,412 [Worker-11] INFO  o.e.m.c.i.embedder.EclipseLogger - Using 'UTF-8' encoding to copy filtered resources.
2016-09-13 04:12:45,412 [Worker-11] INFO  o.e.m.c.i.embedder.EclipseLogger - skip non existing resourceDirectory C:\Users\osmar\Documents\blank\osmar-horas\src\test\resources
2016-09-13 04:13:01,137 [Worker-10] INFO  o.e.m.c.i.l.LifecycleMappingFactory - Using org.maven.ide.eclipse.wtp.WarLifecycleMapping lifecycle mapping for MavenProject: br.com.osmar:osmar-horas:1.0.0 @ C:\Users\osmar\Documents\blank\osmar-horas\pom.xml.
2016-09-13 04:13:03,054 [Worker-10] INFO  o.e.m.c.i.embedder.EclipseLogger - Using 'UTF-8' encoding to copy filtered resources.
2016-09-13 04:13:03,060 [Worker-10] INFO  o.e.m.c.i.embedder.EclipseLogger - Copying 0 resource
2016-09-13 04:13:03,067 [Worker-10] INFO  o.e.m.c.i.embedder.EclipseLogger - Using 'UTF-8' encoding to copy filtered resources.
2016-09-13 04:13:03,072 [Worker-10] INFO  o.e.m.c.i.embedder.EclipseLogger - skip non existing resourceDirectory C:\Users\osmar\Documents\blank\osmar-horas\src\test\resources
2016-09-13 04:13:03,072 [Worker-10] INFO  o.e.m.w.i.f.ResourceFilteringBuildParticipant - Changed resources require a complete clean of filtered resources of osmar-horas
2016-09-13 04:13:03,076 [Worker-10] INFO  o.e.m.w.i.f.ResourceFilteringBuildParticipant - Executing resource filtering for osmar-horas
2016-09-13 04:13:03,080 [Worker-10] INFO  o.e.m.c.i.embedder.EclipseLogger - Using 'UTF-8' encoding to copy filtered resources.
2016-09-13 04:13:29,794 [Worker-10] INFO  o.e.m.c.i.embedder.EclipseLogger - Using 'UTF-8' encoding to copy filtered resources.
2016-09-13 04:13:29,795 [Worker-10] INFO  o.e.m.c.i.embedder.EclipseLogger - Copying 2 resources
2016-09-13 04:13:29,803 [Worker-10] INFO  o.e.m.c.i.embedder.EclipseLogger - Using 'UTF-8' encoding to copy filtered resources.
2016-09-13 04:13:29,803 [Worker-10] INFO  o.e.m.c.i.embedder.EclipseLogger - skip non existing resourceDirectory C:\Users\osmar\Documents\blank\osmar-horas\src\test\resources
2016-09-13 04:13:32,808 [Worker-5] INFO  o.e.m.c.i.embedder.EclipseLogger - Using 'UTF-8' encoding to copy filtered resources.
2016-09-13 04:13:32,810 [Worker-5] INFO  o.e.m.c.i.embedder.EclipseLogger - Copying 2 resources
2016-09-13 04:13:32,887 [Worker-5] INFO  o.e.m.c.i.embedder.EclipseLogger - Using 'UTF-8' encoding to copy filtered resources.
2016-09-13 04:13:32,887 [Worker-5] INFO  o.e.m.c.i.embedder.EclipseLogger - skip non existing resourceDirectory C:\Users\osmar\Documents\blank\osmar-horas\src\test\resources
2016-09-13 04:13:37,515 [Worker-9] INFO  o.e.m.c.i.embedder.EclipseLogger - Using 'UTF-8' encoding to copy filtered resources.
2016-09-13 04:13:37,516 [Worker-9] INFO  o.e.m.c.i.embedder.EclipseLogger - Copying 2 resources
2016-09-13 04:13:37,523 [Worker-9] INFO  o.e.m.c.i.embedder.EclipseLogger - Using 'UTF-8' encoding to copy filtered resources.
2016-09-13 04:13:37,529 [Worker-9] INFO  o.e.m.c.i.embedder.EclipseLogger - skip non existing resourceDirectory C:\Users\osmar\Documents\blank\osmar-horas\src\test\resources
2016-09-13 04:14:06,495 [Worker-1] INFO  o.e.m.c.i.embedder.EclipseLogger - Using 'UTF-8' encoding to copy filtered resources.
2016-09-13 04:14:06,496 [Worker-1] INFO  o.e.m.c.i.embedder.EclipseLogger - Copying 2 resources
2016-09-13 04:14:06,506 [Worker-1] INFO  o.e.m.c.i.embedder.EclipseLogger - Using 'UTF-8' encoding to copy filtered resources.
2016-09-13 04:14:06,514 [Worker-1] INFO  o.e.m.c.i.embedder.EclipseLogger - skip non existing resourceDirectory C:\Users\osmar\Documents\blank\osmar-horas\src\test\resources
2016-09-13 04:14:28,601 [Worker-2] INFO  o.e.m.c.i.embedder.EclipseLogger - Using 'UTF-8' encoding to copy filtered resources.
2016-09-13 04:14:28,604 [Worker-2] INFO  o.e.m.c.i.embedder.EclipseLogger - Copying 1 resource
2016-09-13 04:14:28,673 [Worker-2] INFO  o.e.m.c.i.embedder.EclipseLogger - Using 'UTF-8' encoding to copy filtered resources.
2016-09-13 04:14:28,689 [Worker-2] INFO  o.e.m.c.i.embedder.EclipseLogger - skip non existing resourceDirectory C:\Users\osmar\Documents\blank\osmar-horas\src\test\resources
2016-09-13 04:14:35,725 [Worker-9] INFO  o.e.m.c.i.embedder.EclipseLogger - Using 'UTF-8' encoding to copy filtered resources.
2016-09-13 04:14:35,726 [Worker-9] INFO  o.e.m.c.i.embedder.EclipseLogger - Copying 1 resource
2016-09-13 04:14:35,737 [Worker-9] INFO  o.e.m.c.i.embedder.EclipseLogger - Using 'UTF-8' encoding to copy filtered resources.
2016-09-13 04:14:35,743 [Worker-9] INFO  o.e.m.c.i.embedder.EclipseLogger - skip non existing resourceDirectory C:\Users\osmar\Documents\blank\osmar-horas\src\test\resources
2016-09-13 04:14:47,826 [Worker-11] INFO  o.e.m.c.i.embedder.EclipseLogger - Using 'UTF-8' encoding to copy filtered resources.
2016-09-13 04:14:47,828 [Worker-11] INFO  o.e.m.c.i.embedder.EclipseLogger - Copying 1 resource
2016-09-13 04:14:47,858 [Worker-11] INFO  o.e.m.c.i.embedder.EclipseLogger - Using 'UTF-8' encoding to copy filtered resources.
2016-09-13 04:14:47,869 [Worker-11] INFO  o.e.m.c.i.embedder.EclipseLogger - skip non existing resourceDirectory C:\Users\osmar\Documents\blank\osmar-horas\src\test\resources
2016-09-13 04:15:01,527 [Worker-17] INFO  o.e.m.c.i.embedder.EclipseLogger - Using 'UTF-8' encoding to copy filtered resources.
2016-09-13 04:15:01,528 [Worker-17] INFO  o.e.m.c.i.embedder.EclipseLogger - Copying 3 resources
2016-09-13 04:15:01,536 [Worker-17] INFO  o.e.m.c.i.embedder.EclipseLogger - Using 'UTF-8' encoding to copy filtered resources.
2016-09-13 04:15:01,540 [Worker-17] INFO  o.e.m.c.i.embedder.EclipseLogger - skip non existing resourceDirectory C:\Users\osmar\Documents\blank\osmar-horas\src\test\resources
2016-09-13 04:15:04,125 [Worker-11] INFO  o.e.m.c.i.embedder.EclipseLogger - Using 'UTF-8' encoding to copy filtered resources.
2016-09-13 04:15:04,127 [Worker-11] INFO  o.e.m.c.i.embedder.EclipseLogger - Copying 3 resources
2016-09-13 04:15:04,204 [Worker-11] INFO  o.e.m.c.i.embedder.EclipseLogger - Using 'UTF-8' encoding to copy filtered resources.
2016-09-13 04:15:04,219 [Worker-11] INFO  o.e.m.c.i.embedder.EclipseLogger - skip non existing resourceDirectory C:\Users\osmar\Documents\blank\osmar-horas\src\test\resources
2016-09-13 04:15:06,298 [Worker-2] INFO  o.e.m.c.i.embedder.EclipseLogger - Using 'UTF-8' encoding to copy filtered resources.
2016-09-13 04:15:06,300 [Worker-2] INFO  o.e.m.c.i.embedder.EclipseLogger - Copying 3 resources
2016-09-13 04:15:06,312 [Worker-2] INFO  o.e.m.c.i.embedder.EclipseLogger - Using 'UTF-8' encoding to copy filtered resources.
2016-09-13 04:15:06,327 [Worker-2] INFO  o.e.m.c.i.embedder.EclipseLogger - skip non existing resourceDirectory C:\Users\osmar\Documents\blank\osmar-horas\src\test\resources
2016-09-13 04:15:23,436 [Worker-16] INFO  o.e.m.c.i.embedder.EclipseLogger - Using 'UTF-8' encoding to copy filtered resources.
2016-09-13 04:15:23,436 [Worker-16] INFO  o.e.m.c.i.embedder.EclipseLogger - Copying 0 resource
2016-09-13 04:15:23,443 [Worker-16] INFO  o.e.m.c.i.embedder.EclipseLogger - Using 'UTF-8' encoding to copy filtered resources.
2016-09-13 04:15:23,449 [Worker-16] INFO  o.e.m.c.i.embedder.EclipseLogger - skip non existing resourceDirectory C:\Users\osmar\Documents\blank\osmar-horas\src\test\resources
2016-09-13 04:15:26,795 [Worker-1] INFO  o.e.m.c.i.embedder.EclipseLogger - Using 'UTF-8' encoding to copy filtered resources.
2016-09-13 04:15:26,796 [Worker-1] INFO  o.e.m.c.i.embedder.EclipseLogger - Copying 3 resources
2016-09-13 04:15:26,808 [Worker-1] INFO  o.e.m.c.i.embedder.EclipseLogger - Using 'UTF-8' encoding to copy filtered resources.
2016-09-13 04:15:26,815 [Worker-1] INFO  o.e.m.c.i.embedder.EclipseLogger - skip non existing resourceDirectory C:\Users\osmar\Documents\blank\osmar-horas\src\test\resources
2016-09-13 04:16:09,854 [Worker-9] INFO  o.e.m.c.i.embedder.EclipseLogger - Using 'UTF-8' encoding to copy filtered resources.
2016-09-13 04:16:09,855 [Worker-9] INFO  o.e.m.c.i.embedder.EclipseLogger - Copying 3 resources
2016-09-13 04:16:09,865 [Worker-9] INFO  o.e.m.c.i.embedder.EclipseLogger - Using 'UTF-8' encoding to copy filtered resources.
2016-09-13 04:16:09,876 [Worker-9] INFO  o.e.m.c.i.embedder.EclipseLogger - skip non existing resourceDirectory C:\Users\osmar\Documents\blank\osmar-horas\src\test\resources
2016-09-13 04:16:13,721 [Worker-11] INFO  o.e.m.c.i.embedder.EclipseLogger - Using 'UTF-8' encoding to copy filtered resources.
2016-09-13 04:16:13,723 [Worker-11] INFO  o.e.m.c.i.embedder.EclipseLogger - Copying 3 resources
2016-09-13 04:16:13,730 [Worker-11] INFO  o.e.m.c.i.embedder.EclipseLogger - Using 'UTF-8' encoding to copy filtered resources.
2016-09-13 04:16:13,737 [Worker-11] INFO  o.e.m.c.i.embedder.EclipseLogger - skip non existing resourceDirectory C:\Users\osmar\Documents\blank\osmar-horas\src\test\resources
2016-09-13 04:16:59,357 [Worker-2] INFO  o.e.m.c.i.embedder.EclipseLogger - Using 'UTF-8' encoding to copy filtered resources.
2016-09-13 04:16:59,358 [Worker-2] INFO  o.e.m.c.i.embedder.EclipseLogger - Copying 3 resources
2016-09-13 04:16:59,365 [Worker-2] INFO  o.e.m.c.i.embedder.EclipseLogger - Using 'UTF-8' encoding to copy filtered resources.
2016-09-13 04:16:59,371 [Worker-2] INFO  o.e.m.c.i.embedder.EclipseLogger - skip non existing resourceDirectory C:\Users\osmar\Documents\blank\osmar-horas\src\test\resources
2016-09-13 04:17:04,140 [Worker-2] INFO  o.e.m.c.i.embedder.EclipseLogger - Using 'UTF-8' encoding to copy filtered resources.
2016-09-13 04:17:04,141 [Worker-2] INFO  o.e.m.c.i.embedder.EclipseLogger - Copying 3 resources
2016-09-13 04:17:04,152 [Worker-2] INFO  o.e.m.c.i.embedder.EclipseLogger - Using 'UTF-8' encoding to copy filtered resources.
2016-09-13 04:17:04,160 [Worker-2] INFO  o.e.m.c.i.embedder.EclipseLogger - skip non existing resourceDirectory C:\Users\osmar\Documents\blank\osmar-horas\src\test\resources
2016-09-13 04:17:10,055 [Worker-6] INFO  o.e.m.c.i.embedder.EclipseLogger - Using 'UTF-8' encoding to copy filtered resources.
2016-09-13 04:17:10,056 [Worker-6] INFO  o.e.m.c.i.embedder.EclipseLogger - Copying 3 resources
2016-09-13 04:17:10,063 [Worker-6] INFO  o.e.m.c.i.embedder.EclipseLogger - Using 'UTF-8' encoding to copy filtered resources.
2016-09-13 04:17:10,068 [Worker-6] INFO  o.e.m.c.i.embedder.EclipseLogger - skip non existing resourceDirectory C:\Users\osmar\Documents\blank\osmar-horas\src\test\resources
2016-09-13 04:17:19,274 [Worker-2] INFO  o.e.m.c.i.embedder.EclipseLogger - Using 'UTF-8' encoding to copy filtered resources.
2016-09-13 04:17:19,275 [Worker-2] INFO  o.e.m.c.i.embedder.EclipseLogger - Copying 3 resources
2016-09-13 04:17:19,284 [Worker-2] INFO  o.e.m.c.i.embedder.EclipseLogger - Using 'UTF-8' encoding to copy filtered resources.
2016-09-13 04:17:19,290 [Worker-2] INFO  o.e.m.c.i.embedder.EclipseLogger - skip non existing resourceDirectory C:\Users\osmar\Documents\blank\osmar-horas\src\test\resources
2016-09-13 04:17:32,590 [Worker-3] INFO  o.e.m.c.i.embedder.EclipseLogger - Using 'UTF-8' encoding to copy filtered resources.
2016-09-13 04:17:32,591 [Worker-3] INFO  o.e.m.c.i.embedder.EclipseLogger - Copying 3 resources
2016-09-13 04:17:32,597 [Worker-3] INFO  o.e.m.c.i.embedder.EclipseLogger - Using 'UTF-8' encoding to copy filtered resources.
2016-09-13 04:17:32,607 [Worker-3] INFO  o.e.m.c.i.embedder.EclipseLogger - skip non existing resourceDirectory C:\Users\osmar\Documents\blank\osmar-horas\src\test\resources
2016-09-13 04:18:56,039 [Worker-16] INFO  o.e.m.c.i.embedder.EclipseLogger - Using 'UTF-8' encoding to copy filtered resources.
2016-09-13 04:18:56,041 [Worker-16] INFO  o.e.m.c.i.embedder.EclipseLogger - Copying 3 resources
2016-09-13 04:18:56,064 [Worker-16] INFO  o.e.m.c.i.embedder.EclipseLogger - Using 'UTF-8' encoding to copy filtered resources.
2016-09-13 04:18:56,069 [Worker-16] INFO  o.e.m.c.i.embedder.EclipseLogger - skip non existing resourceDirectory C:\Users\osmar\Documents\blank\osmar-horas\src\test\resources
2016-09-13 04:19:54,339 [Worker-3] INFO  o.e.m.c.i.p.ProjectConfigurationManager - Update started
2016-09-13 04:19:57,591 [Worker-3] INFO  o.e.m.c.i.l.LifecycleMappingFactory - Using org.maven.ide.eclipse.wtp.WarLifecycleMapping lifecycle mapping for MavenProject: br.com.osmar:osmar-horas:1.0.0 @ C:\Users\osmar\Documents\blank\osmar-horas\pom.xml.
2016-09-13 04:19:59,783 [Worker-3] INFO  o.e.m.j.i.AbstractJavaProjectConfigurator - Adding source folder /osmar-horas/src/main/java
2016-09-13 04:19:59,788 [Worker-3] INFO  o.e.m.j.i.AbstractJavaProjectConfigurator - Adding resource folder /osmar-horas/src/main/resources
2016-09-13 04:19:59,793 [Worker-3] INFO  o.e.m.j.i.AbstractJavaProjectConfigurator - Adding source folder /osmar-horas/src/test/java
2016-09-13 04:20:01,868 [Worker-3] INFO  o.e.m.w.i.f.ResourceFilteringBuildParticipant - Cleaning filtered folder for osmar-horas
2016-09-13 04:20:01,892 [Worker-3] INFO  o.e.m.c.i.p.ProjectConfigurationManager - Update completed: 7 sec
2016-09-13 04:20:04,315 [Worker-9] INFO  o.e.m.c.i.embedder.EclipseLogger - Using 'UTF-8' encoding to copy filtered resources.
2016-09-13 04:20:04,327 [Worker-9] INFO  o.e.m.c.i.embedder.EclipseLogger - Copying 3 resources
2016-09-13 04:20:04,395 [Worker-9] INFO  o.e.m.c.i.embedder.EclipseLogger - Using 'UTF-8' encoding to copy filtered resources.
2016-09-13 04:20:04,408 [Worker-9] INFO  o.e.m.c.i.embedder.EclipseLogger - skip non existing resourceDirectory C:\Users\osmar\Documents\blank\osmar-horas\src\test\resources
2016-09-13 04:20:04,408 [Worker-9] INFO  o.e.m.w.i.f.ResourceFilteringBuildParticipant - Changed resources require a complete clean of filtered resources of osmar-horas
2016-09-13 04:20:04,409 [Worker-9] INFO  o.e.m.w.i.f.ResourceFilteringBuildParticipant - Executing resource filtering for osmar-horas
2016-09-13 04:20:04,419 [Worker-9] INFO  o.e.m.c.i.embedder.EclipseLogger - Using 'UTF-8' encoding to copy filtered resources.
2016-09-13 04:21:10,661 [Worker-16] INFO  o.e.m.c.i.p.ProjectConfigurationManager - Update started
2016-09-13 04:21:11,068 [Worker-16] INFO  o.e.m.c.i.l.LifecycleMappingFactory - Using org.maven.ide.eclipse.wtp.WarLifecycleMapping lifecycle mapping for MavenProject: br.com.osmar:osmar-horas:1.0.0 @ C:\Users\osmar\Documents\blank\osmar-horas\pom.xml.
2016-09-13 04:21:11,985 [Worker-16] INFO  o.e.m.j.i.AbstractJavaProjectConfigurator - Adding source folder /osmar-horas/src/main/java
2016-09-13 04:21:11,985 [Worker-16] INFO  o.e.m.j.i.AbstractJavaProjectConfigurator - Adding resource folder /osmar-horas/src/main/resources
2016-09-13 04:21:11,985 [Worker-16] INFO  o.e.m.j.i.AbstractJavaProjectConfigurator - Adding source folder /osmar-horas/src/test/java
2016-09-13 04:21:12,919 [Worker-16] INFO  o.e.m.w.i.f.ResourceFilteringBuildParticipant - Cleaning filtered folder for osmar-horas
2016-09-13 04:21:12,924 [Worker-16] INFO  o.e.m.c.i.p.ProjectConfigurationManager - Update completed: 2 sec
2016-09-13 04:21:13,667 [Worker-16] INFO  o.e.m.c.i.embedder.EclipseLogger - Using 'UTF-8' encoding to copy filtered resources.
2016-09-13 04:21:13,675 [Worker-16] INFO  o.e.m.c.i.embedder.EclipseLogger - Copying 3 resources
2016-09-13 04:21:13,694 [Worker-16] INFO  o.e.m.c.i.embedder.EclipseLogger - Using 'UTF-8' encoding to copy filtered resources.
2016-09-13 04:21:13,700 [Worker-16] INFO  o.e.m.c.i.embedder.EclipseLogger - skip non existing resourceDirectory C:\Users\osmar\Documents\blank\osmar-horas\src\test\resources
2016-09-13 04:21:13,700 [Worker-16] INFO  o.e.m.w.i.f.ResourceFilteringBuildParticipant - Changed resources require a complete clean of filtered resources of osmar-horas
2016-09-13 04:21:13,706 [Worker-16] INFO  o.e.m.w.i.f.ResourceFilteringBuildParticipant - Executing resource filtering for osmar-horas
2016-09-13 04:21:13,712 [Worker-16] INFO  o.e.m.c.i.embedder.EclipseLogger - Using 'UTF-8' encoding to copy filtered resources.
2016-09-13 04:21:27,444 [Worker-10] INFO  o.e.m.i.launch.MavenLaunchDelegate - C:\Users\osmar\Documents\blank\osmar-horas
2016-09-13 04:21:27,447 [Worker-10] INFO  o.e.m.i.launch.MavenLaunchDelegate -  mvn -B clean
2016-09-13 04:21:30,907 [Worker-6] INFO  o.e.m.c.i.embedder.EclipseLogger - Using 'UTF-8' encoding to copy filtered resources.
2016-09-13 04:21:30,911 [Worker-6] INFO  o.e.m.c.i.embedder.EclipseLogger - Copying 3 resources
2016-09-13 04:21:30,960 [Worker-6] INFO  o.e.m.c.i.embedder.EclipseLogger - Using 'UTF-8' encoding to copy filtered resources.
2016-09-13 04:21:30,970 [Worker-6] INFO  o.e.m.c.i.embedder.EclipseLogger - skip non existing resourceDirectory C:\Users\osmar\Documents\blank\osmar-horas\src\test\resources
2016-09-13 04:21:30,983 [Worker-6] INFO  o.e.m.w.i.f.ResourceFilteringBuildParticipant - Changed resources require a complete clean of filtered resources of osmar-horas
2016-09-13 04:21:30,984 [Worker-6] INFO  o.e.m.w.i.f.ResourceFilteringBuildParticipant - Executing resource filtering for osmar-horas
2016-09-13 04:21:31,010 [Worker-6] INFO  o.e.m.c.i.embedder.EclipseLogger - Using 'UTF-8' encoding to copy filtered resources.
2016-09-13 04:21:38,712 [Worker-17] INFO  o.e.m.i.launch.MavenLaunchDelegate - C:\Users\osmar\Documents\blank\osmar-horas
2016-09-13 04:21:38,717 [Worker-17] INFO  o.e.m.i.launch.MavenLaunchDelegate -  mvn -B install
2016-09-13 04:22:28,514 [main] INFO  o.e.m2e.actions.ExecutePomAction - Creating new launch configuration
2016-09-13 04:22:40,734 [main] INFO  o.e.m2e.actions.ExecutePomAction - Using existing launch configuration
2016-09-13 04:23:32,548 [Worker-5] INFO  o.e.m.i.launch.MavenLaunchDelegate - C:\Users\osmar\Documents\blank\osmar-horas
2016-09-13 04:23:32,557 [Worker-5] INFO  o.e.m.i.launch.MavenLaunchDelegate -  mvn -B clean package
2016-09-13 04:24:00,299 [Worker-1] INFO  o.e.m.c.i.embedder.EclipseLogger - Using 'UTF-8' encoding to copy filtered resources.
2016-09-13 04:24:00,308 [Worker-1] INFO  o.e.m.c.i.embedder.EclipseLogger - Copying 0 resource
2016-09-13 04:24:00,315 [Worker-1] INFO  o.e.m.c.i.embedder.EclipseLogger - Using 'UTF-8' encoding to copy filtered resources.
2016-09-13 04:24:00,321 [Worker-1] INFO  o.e.m.c.i.embedder.EclipseLogger - skip non existing resourceDirectory C:\Users\osmar\Documents\blank\osmar-horas\src\test\resources
2016-09-13 04:24:20,952 [Worker-3] INFO  o.e.m.c.i.p.ProjectConfigurationManager - Update started
2016-09-13 04:24:21,514 [Worker-3] INFO  o.e.m.c.i.l.LifecycleMappingFactory - Using org.maven.ide.eclipse.wtp.WarLifecycleMapping lifecycle mapping for MavenProject: br.com.osmar:osmar-horas:1.0.0 @ C:\Users\osmar\Documents\blank\osmar-horas\pom.xml.
2016-09-13 04:24:23,389 [Worker-3] INFO  o.e.m.j.i.AbstractJavaProjectConfigurator - Adding source folder /osmar-horas/src/main/java
2016-09-13 04:24:23,400 [Worker-3] INFO  o.e.m.j.i.AbstractJavaProjectConfigurator - Adding resource folder /osmar-horas/src/main/resources
2016-09-13 04:24:23,411 [Worker-3] INFO  o.e.m.j.i.AbstractJavaProjectConfigurator - Adding source folder /osmar-horas/src/test/java
2016-09-13 04:24:24,030 [Worker-3] INFO  o.e.m.w.i.f.ResourceFilteringBuildParticipant - Cleaning filtered folder for osmar-horas
2016-09-13 04:24:24,037 [Worker-3] INFO  o.e.m.c.i.p.ProjectConfigurationManager - Update completed: 3 sec
2016-09-13 04:24:25,208 [Worker-6] INFO  o.e.m.c.i.embedder.EclipseLogger - Using 'UTF-8' encoding to copy filtered resources.
2016-09-13 04:24:25,209 [Worker-6] INFO  o.e.m.c.i.embedder.EclipseLogger - Copying 3 resources
2016-09-13 04:24:25,225 [Worker-6] INFO  o.e.m.c.i.embedder.EclipseLogger - Using 'UTF-8' encoding to copy filtered resources.
2016-09-13 04:24:25,225 [Worker-6] INFO  o.e.m.c.i.embedder.EclipseLogger - skip non existing resourceDirectory C:\Users\osmar\Documents\blank\osmar-horas\src\test\resources
2016-09-13 04:24:25,233 [Worker-6] INFO  o.e.m.w.i.f.ResourceFilteringBuildParticipant - Changed resources require a complete clean of filtered resources of osmar-horas
2016-09-13 04:24:25,239 [Worker-6] INFO  o.e.m.w.i.f.ResourceFilteringBuildParticipant - Executing resource filtering for osmar-horas
2016-09-13 04:24:25,254 [Worker-6] INFO  o.e.m.c.i.embedder.EclipseLogger - Using 'UTF-8' encoding to copy filtered resources.
2016-09-13 04:24:54,478 [Worker-5] INFO  o.e.m.c.i.l.LifecycleMappingFactory - Using org.maven.ide.eclipse.wtp.WarLifecycleMapping lifecycle mapping for MavenProject: br.com.osmar:osmar-horas:1.0.0 @ C:\Users\osmar\Documents\blank\osmar-horas\pom.xml.
2016-09-13 04:24:55,316 [Worker-5] INFO  o.e.m.c.i.embedder.EclipseLogger - Using 'UTF-8' encoding to copy filtered resources.
2016-09-13 04:24:55,329 [Worker-5] INFO  o.e.m.c.i.embedder.EclipseLogger - Copying 0 resource
2016-09-13 04:24:55,343 [Worker-5] INFO  o.e.m.c.i.embedder.EclipseLogger - Using 'UTF-8' encoding to copy filtered resources.
2016-09-13 04:24:55,343 [Worker-5] INFO  o.e.m.c.i.embedder.EclipseLogger - skip non existing resourceDirectory C:\Users\osmar\Documents\blank\osmar-horas\src\test\resources
2016-09-13 04:24:55,357 [Worker-5] INFO  o.e.m.w.i.f.ResourceFilteringBuildParticipant - Changed resources require a complete clean of filtered resources of osmar-horas
2016-09-13 04:24:55,358 [Worker-5] INFO  o.e.m.w.i.f.ResourceFilteringBuildParticipant - Executing resource filtering for osmar-horas
2016-09-13 04:24:55,363 [Worker-5] INFO  o.e.m.c.i.embedder.EclipseLogger - Using 'UTF-8' encoding to copy filtered resources.
2016-09-13 04:25:06,034 [Worker-6] INFO  o.e.m.c.i.p.ProjectConfigurationManager - Update started
2016-09-13 04:25:06,375 [Worker-6] INFO  o.e.m.c.i.l.LifecycleMappingFactory - Using org.maven.ide.eclipse.wtp.WarLifecycleMapping lifecycle mapping for MavenProject: br.com.osmar:osmar-horas:1.0.0 @ C:\Users\osmar\Documents\blank\osmar-horas\pom.xml.
2016-09-13 04:25:07,234 [Worker-6] INFO  o.e.m.j.i.AbstractJavaProjectConfigurator - Adding source folder /osmar-horas/src/main/java
2016-09-13 04:25:07,238 [Worker-6] INFO  o.e.m.j.i.AbstractJavaProjectConfigurator - Adding resource folder /osmar-horas/src/main/resources
2016-09-13 04:25:07,242 [Worker-6] INFO  o.e.m.j.i.AbstractJavaProjectConfigurator - Adding source folder /osmar-horas/src/test/java
2016-09-13 04:25:07,888 [Worker-6] INFO  o.e.m.w.i.f.ResourceFilteringBuildParticipant - Cleaning filtered folder for osmar-horas
2016-09-13 04:25:07,893 [Worker-6] INFO  o.e.m.c.i.p.ProjectConfigurationManager - Update completed: 1 sec
2016-09-13 04:25:08,720 [Worker-19] INFO  o.e.m.c.i.embedder.EclipseLogger - Using 'UTF-8' encoding to copy filtered resources.
2016-09-13 04:25:08,721 [Worker-19] INFO  o.e.m.c.i.embedder.EclipseLogger - Copying 3 resources
2016-09-13 04:25:08,777 [Worker-19] INFO  o.e.m.c.i.embedder.EclipseLogger - Using 'UTF-8' encoding to copy filtered resources.
2016-09-13 04:25:08,795 [Worker-19] INFO  o.e.m.c.i.embedder.EclipseLogger - skip non existing resourceDirectory C:\Users\osmar\Documents\blank\osmar-horas\src\test\resources
2016-09-13 04:25:08,810 [Worker-19] INFO  o.e.m.w.i.f.ResourceFilteringBuildParticipant - Changed resources require a complete clean of filtered resources of osmar-horas
2016-09-13 04:25:08,810 [Worker-19] INFO  o.e.m.w.i.f.ResourceFilteringBuildParticipant - Executing resource filtering for osmar-horas
2016-09-13 04:25:08,829 [Worker-19] INFO  o.e.m.c.i.embedder.EclipseLogger - Using 'UTF-8' encoding to copy filtered resources.
2016-09-13 04:25:26,777 [Worker-2] INFO  o.e.m.c.i.p.ProjectConfigurationManager - Update started
2016-09-13 04:25:27,134 [Worker-2] INFO  o.e.m.c.i.l.LifecycleMappingFactory - Using org.maven.ide.eclipse.wtp.WarLifecycleMapping lifecycle mapping for MavenProject: br.com.osmar:osmar-horas:1.0.0 @ C:\Users\osmar\Documents\blank\osmar-horas\pom.xml.
2016-09-13 04:25:27,880 [Worker-2] INFO  o.e.m.j.i.AbstractJavaProjectConfigurator - Adding source folder /osmar-horas/src/main/java
2016-09-13 04:25:27,887 [Worker-2] INFO  o.e.m.j.i.AbstractJavaProjectConfigurator - Adding resource folder /osmar-horas/src/main/resources
2016-09-13 04:25:27,887 [Worker-2] INFO  o.e.m.j.i.AbstractJavaProjectConfigurator - Adding source folder /osmar-horas/src/test/java
2016-09-13 04:25:28,356 [Worker-2] INFO  o.e.m.w.i.f.ResourceFilteringBuildParticipant - Cleaning filtered folder for osmar-horas
2016-09-13 04:25:28,366 [Worker-2] INFO  o.e.m.c.i.p.ProjectConfigurationManager - Update completed: 1 sec
2016-09-13 04:25:29,071 [Worker-10] INFO  o.e.m.c.i.embedder.EclipseLogger - Using 'UTF-8' encoding to copy filtered resources.
2016-09-13 04:25:29,071 [Worker-10] INFO  o.e.m.c.i.embedder.EclipseLogger - Copying 3 resources
2016-09-13 04:25:29,085 [Worker-10] INFO  o.e.m.c.i.embedder.EclipseLogger - Using 'UTF-8' encoding to copy filtered resources.
2016-09-13 04:25:29,085 [Worker-10] INFO  o.e.m.c.i.embedder.EclipseLogger - skip non existing resourceDirectory C:\Users\osmar\Documents\blank\osmar-horas\src\test\resources
2016-09-13 04:25:29,089 [Worker-10] INFO  o.e.m.w.i.f.ResourceFilteringBuildParticipant - Changed resources require a complete clean of filtered resources of osmar-horas
2016-09-13 04:25:29,089 [Worker-10] INFO  o.e.m.w.i.f.ResourceFilteringBuildParticipant - Executing resource filtering for osmar-horas
2016-09-13 04:25:29,092 [Worker-10] INFO  o.e.m.c.i.embedder.EclipseLogger - Using 'UTF-8' encoding to copy filtered resources.
2016-09-13 04:26:57,466 [Worker-5] INFO  o.e.m.c.i.embedder.EclipseLogger - Using 'UTF-8' encoding to copy filtered resources.
2016-09-13 04:26:57,487 [Worker-5] INFO  o.e.m.c.i.embedder.EclipseLogger - Copying 0 resource
2016-09-13 04:26:57,512 [Worker-5] INFO  o.e.m.c.i.embedder.EclipseLogger - Using 'UTF-8' encoding to copy filtered resources.
2016-09-13 04:26:57,528 [Worker-5] INFO  o.e.m.c.i.embedder.EclipseLogger - skip non existing resourceDirectory C:\Users\osmar\Documents\blank\osmar-horas\src\test\resources
2016-09-13 04:27:01,483 [Worker-10] INFO  o.e.m.c.i.embedder.EclipseLogger - Using 'UTF-8' encoding to copy filtered resources.
2016-09-13 04:27:01,517 [Worker-10] INFO  o.e.m.c.i.embedder.EclipseLogger - Copying 0 resource
2016-09-13 04:27:01,527 [Worker-10] INFO  o.e.m.c.i.embedder.EclipseLogger - Using 'UTF-8' encoding to copy filtered resources.
2016-09-13 04:27:01,545 [Worker-10] INFO  o.e.m.c.i.embedder.EclipseLogger - skip non existing resourceDirectory C:\Users\osmar\Documents\blank\osmar-horas\src\test\resources
2016-09-13 04:27:05,220 [Worker-10] INFO  o.e.m.c.i.embedder.EclipseLogger - Using 'UTF-8' encoding to copy filtered resources.
2016-09-13 04:27:05,263 [Worker-10] INFO  o.e.m.c.i.embedder.EclipseLogger - Copying 0 resource
2016-09-13 04:27:05,277 [Worker-10] INFO  o.e.m.c.i.embedder.EclipseLogger - Using 'UTF-8' encoding to copy filtered resources.
2016-09-13 04:27:05,286 [Worker-10] INFO  o.e.m.c.i.embedder.EclipseLogger - skip non existing resourceDirectory C:\Users\osmar\Documents\blank\osmar-horas\src\test\resources
2016-09-13 04:27:39,487 [Worker-10] INFO  o.e.m.c.i.embedder.EclipseLogger - Using 'UTF-8' encoding to copy filtered resources.
2016-09-13 04:27:39,503 [Worker-10] INFO  o.e.m.c.i.embedder.EclipseLogger - Copying 0 resource
2016-09-13 04:27:39,518 [Worker-10] INFO  o.e.m.c.i.embedder.EclipseLogger - Using 'UTF-8' encoding to copy filtered resources.
2016-09-13 04:27:39,534 [Worker-10] INFO  o.e.m.c.i.embedder.EclipseLogger - skip non existing resourceDirectory C:\Users\osmar\Documents\blank\osmar-horas\src\test\resources
2016-09-13 04:27:41,649 [Worker-16] INFO  o.e.m.c.i.embedder.EclipseLogger - Using 'UTF-8' encoding to copy filtered resources.
2016-09-13 04:27:41,656 [Worker-16] INFO  o.e.m.c.i.embedder.EclipseLogger - Copying 0 resource
2016-09-13 04:27:41,662 [Worker-16] INFO  o.e.m.c.i.embedder.EclipseLogger - Using 'UTF-8' encoding to copy filtered resources.
2016-09-13 04:27:41,666 [Worker-16] INFO  o.e.m.c.i.embedder.EclipseLogger - skip non existing resourceDirectory C:\Users\osmar\Documents\blank\osmar-horas\src\test\resources
2016-09-13 04:28:24,654 [Worker-3] INFO  o.e.m.c.i.embedder.EclipseLogger - Using 'UTF-8' encoding to copy filtered resources.
2016-09-13 04:28:24,693 [Worker-3] INFO  o.e.m.c.i.embedder.EclipseLogger - Copying 3 resources
2016-09-13 04:28:24,727 [Worker-3] INFO  o.e.m.c.i.embedder.EclipseLogger - Using 'UTF-8' encoding to copy filtered resources.
2016-09-13 04:28:24,727 [Worker-3] INFO  o.e.m.c.i.embedder.EclipseLogger - skip non existing resourceDirectory C:\Users\osmar\Documents\blank\osmar-horas\src\test\resources
2016-09-13 04:28:58,484 [Worker-2] INFO  o.e.m.c.i.embedder.EclipseLogger - Using 'UTF-8' encoding to copy filtered resources.
2016-09-13 04:28:58,492 [Worker-2] INFO  o.e.m.c.i.embedder.EclipseLogger - Copying 0 resource
2016-09-13 04:28:58,494 [Worker-2] INFO  o.e.m.c.i.embedder.EclipseLogger - Using 'UTF-8' encoding to copy filtered resources.
2016-09-13 04:28:58,494 [Worker-2] INFO  o.e.m.c.i.embedder.EclipseLogger - skip non existing resourceDirectory C:\Users\osmar\Documents\blank\osmar-horas\src\test\resources
2016-09-13 04:29:18,421 [Worker-2] INFO  o.e.m.c.i.embedder.EclipseLogger - Using 'UTF-8' encoding to copy filtered resources.
2016-09-13 04:29:18,421 [Worker-2] INFO  o.e.m.c.i.embedder.EclipseLogger - Copying 0 resource
2016-09-13 04:29:18,423 [Worker-2] INFO  o.e.m.c.i.embedder.EclipseLogger - Using 'UTF-8' encoding to copy filtered resources.
2016-09-13 04:29:18,423 [Worker-2] INFO  o.e.m.c.i.embedder.EclipseLogger - skip non existing resourceDirectory C:\Users\osmar\Documents\blank\osmar-horas\src\test\resources
2016-09-13 04:29:46,043 [Worker-10] INFO  o.e.m.c.i.embedder.EclipseLogger - Using 'UTF-8' encoding to copy filtered resources.
2016-09-13 04:29:46,044 [Worker-10] INFO  o.e.m.c.i.embedder.EclipseLogger - Copying 0 resource
2016-09-13 04:29:46,046 [Worker-10] INFO  o.e.m.c.i.embedder.EclipseLogger - Using 'UTF-8' encoding to copy filtered resources.
2016-09-13 04:29:46,046 [Worker-10] INFO  o.e.m.c.i.embedder.EclipseLogger - skip non existing resourceDirectory C:\Users\osmar\Documents\blank\osmar-horas\src\test\resources
2016-09-13 04:30:11,964 [Worker-1] INFO  o.e.m.c.i.embedder.EclipseLogger - Using 'UTF-8' encoding to copy filtered resources.
2016-09-13 04:30:11,973 [Worker-1] INFO  o.e.m.c.i.embedder.EclipseLogger - Copying 3 resources
2016-09-13 04:30:11,976 [Worker-1] INFO  o.e.m.c.i.embedder.EclipseLogger - Using 'UTF-8' encoding to copy filtered resources.
2016-09-13 04:30:11,976 [Worker-1] INFO  o.e.m.c.i.embedder.EclipseLogger - skip non existing resourceDirectory C:\Users\osmar\Documents\blank\osmar-horas\src\test\resources
2016-09-13 04:30:18,825 [Worker-0] INFO  o.e.m.c.i.embedder.EclipseLogger - Using 'UTF-8' encoding to copy filtered resources.
2016-09-13 04:30:18,848 [Worker-0] INFO  o.e.m.c.i.embedder.EclipseLogger - Copying 3 resources
2016-09-13 04:30:18,856 [Worker-0] INFO  o.e.m.c.i.embedder.EclipseLogger - Using 'UTF-8' encoding to copy filtered resources.
2016-09-13 04:30:18,857 [Worker-0] INFO  o.e.m.c.i.embedder.EclipseLogger - skip non existing resourceDirectory C:\Users\osmar\Documents\blank\osmar-horas\src\test\resources
2016-09-13 04:30:21,260 [Worker-11] INFO  o.e.m.c.i.embedder.EclipseLogger - Using 'UTF-8' encoding to copy filtered resources.
2016-09-13 04:30:21,261 [Worker-11] INFO  o.e.m.c.i.embedder.EclipseLogger - Copying 3 resources
2016-09-13 04:30:21,263 [Worker-11] INFO  o.e.m.c.i.embedder.EclipseLogger - Using 'UTF-8' encoding to copy filtered resources.
2016-09-13 04:30:21,263 [Worker-11] INFO  o.e.m.c.i.embedder.EclipseLogger - skip non existing resourceDirectory C:\Users\osmar\Documents\blank\osmar-horas\src\test\resources
2016-09-13 04:30:40,382 [Worker-9] INFO  o.e.m.c.i.embedder.EclipseLogger - Using 'UTF-8' encoding to copy filtered resources.
2016-09-13 04:30:40,394 [Worker-9] INFO  o.e.m.c.i.embedder.EclipseLogger - Copying 3 resources
2016-09-13 04:30:40,408 [Worker-9] INFO  o.e.m.c.i.embedder.EclipseLogger - Using 'UTF-8' encoding to copy filtered resources.
2016-09-13 04:30:40,408 [Worker-9] INFO  o.e.m.c.i.embedder.EclipseLogger - skip non existing resourceDirectory C:\Users\osmar\Documents\blank\osmar-horas\src\test\resources
2016-09-13 04:30:41,753 [Worker-13] INFO  o.e.m.c.i.embedder.EclipseLogger - Using 'UTF-8' encoding to copy filtered resources.
2016-09-13 04:30:41,755 [Worker-13] INFO  o.e.m.c.i.embedder.EclipseLogger - Copying 3 resources
2016-09-13 04:30:41,775 [Worker-13] INFO  o.e.m.c.i.embedder.EclipseLogger - Using 'UTF-8' encoding to copy filtered resources.
2016-09-13 04:30:41,775 [Worker-13] INFO  o.e.m.c.i.embedder.EclipseLogger - skip non existing resourceDirectory C:\Users\osmar\Documents\blank\osmar-horas\src\test\resources
2016-09-13 04:30:44,162 [Worker-17] INFO  o.e.m.c.i.embedder.EclipseLogger - Using 'UTF-8' encoding to copy filtered resources.
2016-09-13 04:30:44,169 [Worker-17] INFO  o.e.m.c.i.embedder.EclipseLogger - Copying 3 resources
2016-09-13 04:30:44,178 [Worker-17] INFO  o.e.m.c.i.embedder.EclipseLogger - Using 'UTF-8' encoding to copy filtered resources.
2016-09-13 04:30:44,179 [Worker-17] INFO  o.e.m.c.i.embedder.EclipseLogger - skip non existing resourceDirectory C:\Users\osmar\Documents\blank\osmar-horas\src\test\resources
2016-09-13 04:31:05,572 [Worker-5] INFO  o.e.m.c.i.embedder.EclipseLogger - Using 'UTF-8' encoding to copy filtered resources.
2016-09-13 04:31:05,572 [Worker-5] INFO  o.e.m.c.i.embedder.EclipseLogger - Copying 3 resources
2016-09-13 04:31:05,574 [Worker-5] INFO  o.e.m.c.i.embedder.EclipseLogger - Using 'UTF-8' encoding to copy filtered resources.
2016-09-13 04:31:05,574 [Worker-5] INFO  o.e.m.c.i.embedder.EclipseLogger - skip non existing resourceDirectory C:\Users\osmar\Documents\blank\osmar-horas\src\test\resources
2016-09-13 04:31:17,089 [Worker-13] INFO  o.e.m.c.i.embedder.EclipseLogger - Using 'UTF-8' encoding to copy filtered resources.
2016-09-13 04:31:17,097 [Worker-13] INFO  o.e.m.c.i.embedder.EclipseLogger - Copying 3 resources
2016-09-13 04:31:17,103 [Worker-13] INFO  o.e.m.c.i.embedder.EclipseLogger - Using 'UTF-8' encoding to copy filtered resources.
2016-09-13 04:31:17,104 [Worker-13] INFO  o.e.m.c.i.embedder.EclipseLogger - skip non existing resourceDirectory C:\Users\osmar\Documents\blank\osmar-horas\src\test\resources
2016-09-13 04:31:18,322 [Worker-17] INFO  o.e.m.c.i.embedder.EclipseLogger - Using 'UTF-8' encoding to copy filtered resources.
2016-09-13 04:31:18,323 [Worker-17] INFO  o.e.m.c.i.embedder.EclipseLogger - Copying 3 resources
2016-09-13 04:31:18,325 [Worker-17] INFO  o.e.m.c.i.embedder.EclipseLogger - Using 'UTF-8' encoding to copy filtered resources.
2016-09-13 04:31:18,326 [Worker-17] INFO  o.e.m.c.i.embedder.EclipseLogger - skip non existing resourceDirectory C:\Users\osmar\Documents\blank\osmar-horas\src\test\resources
2016-09-13 04:31:22,857 [Worker-0] INFO  o.e.m.c.i.embedder.EclipseLogger - Using 'UTF-8' encoding to copy filtered resources.
2016-09-13 04:31:22,861 [Worker-0] INFO  o.e.m.c.i.embedder.EclipseLogger - Copying 3 resources
2016-09-13 04:31:22,866 [Worker-0] INFO  o.e.m.c.i.embedder.EclipseLogger - Using 'UTF-8' encoding to copy filtered resources.
2016-09-13 04:31:22,866 [Worker-0] INFO  o.e.m.c.i.embedder.EclipseLogger - skip non existing resourceDirectory C:\Users\osmar\Documents\blank\osmar-horas\src\test\resources
2016-09-13 04:31:27,643 [Worker-1] INFO  o.e.m.c.i.embedder.EclipseLogger - Using 'UTF-8' encoding to copy filtered resources.
2016-09-13 04:31:27,644 [Worker-1] INFO  o.e.m.c.i.embedder.EclipseLogger - Copying 3 resources
2016-09-13 04:31:27,647 [Worker-1] INFO  o.e.m.c.i.embedder.EclipseLogger - Using 'UTF-8' encoding to copy filtered resources.
2016-09-13 04:31:27,647 [Worker-1] INFO  o.e.m.c.i.embedder.EclipseLogger - skip non existing resourceDirectory C:\Users\osmar\Documents\blank\osmar-horas\src\test\resources
2016-09-13 04:31:32,683 [Worker-13] INFO  o.e.m.c.i.embedder.EclipseLogger - Using 'UTF-8' encoding to copy filtered resources.
2016-09-13 04:31:32,694 [Worker-13] INFO  o.e.m.c.i.embedder.EclipseLogger - Copying 3 resources
2016-09-13 04:31:32,709 [Worker-13] INFO  o.e.m.c.i.embedder.EclipseLogger - Using 'UTF-8' encoding to copy filtered resources.
2016-09-13 04:31:32,710 [Worker-13] INFO  o.e.m.c.i.embedder.EclipseLogger - skip non existing resourceDirectory C:\Users\osmar\Documents\blank\osmar-horas\src\test\resources
2016-09-13 04:31:45,933 [Worker-17] INFO  o.e.m.c.i.embedder.EclipseLogger - Using 'UTF-8' encoding to copy filtered resources.
2016-09-13 04:31:45,934 [Worker-17] INFO  o.e.m.c.i.embedder.EclipseLogger - Copying 3 resources
2016-09-13 04:31:45,936 [Worker-17] INFO  o.e.m.c.i.embedder.EclipseLogger - Using 'UTF-8' encoding to copy filtered resources.
2016-09-13 04:31:45,936 [Worker-17] INFO  o.e.m.c.i.embedder.EclipseLogger - skip non existing resourceDirectory C:\Users\osmar\Documents\blank\osmar-horas\src\test\resources
2016-09-13 04:31:53,757 [Worker-12] INFO  o.e.m.c.i.embedder.EclipseLogger - Using 'UTF-8' encoding to copy filtered resources.
2016-09-13 04:31:53,796 [Worker-12] INFO  o.e.m.c.i.embedder.EclipseLogger - Copying 3 resources
2016-09-13 04:31:53,810 [Worker-12] INFO  o.e.m.c.i.embedder.EclipseLogger - Using 'UTF-8' encoding to copy filtered resources.
2016-09-13 04:31:53,810 [Worker-12] INFO  o.e.m.c.i.embedder.EclipseLogger - skip non existing resourceDirectory C:\Users\osmar\Documents\blank\osmar-horas\src\test\resources
2016-09-13 04:31:58,413 [Worker-12] INFO  o.e.m.c.i.embedder.EclipseLogger - Using 'UTF-8' encoding to copy filtered resources.
2016-09-13 04:31:58,414 [Worker-12] INFO  o.e.m.c.i.embedder.EclipseLogger - Copying 3 resources
2016-09-13 04:31:58,416 [Worker-12] INFO  o.e.m.c.i.embedder.EclipseLogger - Using 'UTF-8' encoding to copy filtered resources.
2016-09-13 04:31:58,416 [Worker-12] INFO  o.e.m.c.i.embedder.EclipseLogger - skip non existing resourceDirectory C:\Users\osmar\Documents\blank\osmar-horas\src\test\resources
2016-09-13 04:32:15,680 [Worker-5] INFO  o.e.m.c.i.embedder.EclipseLogger - Using 'UTF-8' encoding to copy filtered resources.
2016-09-13 04:32:15,725 [Worker-5] INFO  o.e.m.c.i.embedder.EclipseLogger - Copying 3 resources
2016-09-13 04:32:15,752 [Worker-5] INFO  o.e.m.c.i.embedder.EclipseLogger - Using 'UTF-8' encoding to copy filtered resources.
2016-09-13 04:32:15,752 [Worker-5] INFO  o.e.m.c.i.embedder.EclipseLogger - skip non existing resourceDirectory C:\Users\osmar\Documents\blank\osmar-horas\src\test\resources
2016-09-13 04:32:17,968 [Worker-12] INFO  o.e.m.c.i.embedder.EclipseLogger - Using 'UTF-8' encoding to copy filtered resources.
2016-09-13 04:32:17,969 [Worker-12] INFO  o.e.m.c.i.embedder.EclipseLogger - Copying 3 resources
2016-09-13 04:32:17,971 [Worker-12] INFO  o.e.m.c.i.embedder.EclipseLogger - Using 'UTF-8' encoding to copy filtered resources.
2016-09-13 04:32:17,971 [Worker-12] INFO  o.e.m.c.i.embedder.EclipseLogger - skip non existing resourceDirectory C:\Users\osmar\Documents\blank\osmar-horas\src\test\resources
2016-09-13 04:32:53,823 [Worker-10] INFO  o.e.m.c.i.embedder.EclipseLogger - Using 'UTF-8' encoding to copy filtered resources.
2016-09-13 04:32:53,843 [Worker-10] INFO  o.e.m.c.i.embedder.EclipseLogger - Copying 3 resources
2016-09-13 04:32:53,854 [Worker-10] INFO  o.e.m.c.i.embedder.EclipseLogger - Using 'UTF-8' encoding to copy filtered resources.
2016-09-13 04:32:53,855 [Worker-10] INFO  o.e.m.c.i.embedder.EclipseLogger - skip non existing resourceDirectory C:\Users\osmar\Documents\blank\osmar-horas\src\test\resources
2016-09-13 04:32:58,858 [Worker-16] INFO  o.e.m.c.i.embedder.EclipseLogger - Using 'UTF-8' encoding to copy filtered resources.
2016-09-13 04:32:58,861 [Worker-16] INFO  o.e.m.c.i.embedder.EclipseLogger - Copying 3 resources
2016-09-13 04:32:58,863 [Worker-16] INFO  o.e.m.c.i.embedder.EclipseLogger - Using 'UTF-8' encoding to copy filtered resources.
2016-09-13 04:32:58,863 [Worker-16] INFO  o.e.m.c.i.embedder.EclipseLogger - skip non existing resourceDirectory C:\Users\osmar\Documents\blank\osmar-horas\src\test\resources
2016-09-13 04:33:26,858 [Worker-16] INFO  o.e.m.c.i.embedder.EclipseLogger - Using 'UTF-8' encoding to copy filtered resources.
2016-09-13 04:33:26,876 [Worker-16] INFO  o.e.m.c.i.embedder.EclipseLogger - Copying 0 resource
2016-09-13 04:33:26,892 [Worker-16] INFO  o.e.m.c.i.embedder.EclipseLogger - Using 'UTF-8' encoding to copy filtered resources.
2016-09-13 04:33:26,892 [Worker-16] INFO  o.e.m.c.i.embedder.EclipseLogger - skip non existing resourceDirectory C:\Users\osmar\Documents\blank\osmar-horas\src\test\resources
2016-09-13 04:33:50,210 [Worker-14] INFO  o.e.m.c.i.embedder.EclipseLogger - Using 'UTF-8' encoding to copy filtered resources.
2016-09-13 04:33:50,212 [Worker-14] INFO  o.e.m.c.i.embedder.EclipseLogger - Copying 0 resource
2016-09-13 04:33:50,214 [Worker-14] INFO  o.e.m.c.i.embedder.EclipseLogger - Using 'UTF-8' encoding to copy filtered resources.
2016-09-13 04:33:50,215 [Worker-14] INFO  o.e.m.c.i.embedder.EclipseLogger - skip non existing resourceDirectory C:\Users\osmar\Documents\blank\osmar-horas\src\test\resources
2016-09-13 04:33:52,453 [Worker-5] INFO  o.e.m.c.i.embedder.EclipseLogger - Using 'UTF-8' encoding to copy filtered resources.
2016-09-13 04:33:52,457 [Worker-5] INFO  o.e.m.c.i.embedder.EclipseLogger - Copying 0 resource
2016-09-13 04:33:52,463 [Worker-5] INFO  o.e.m.c.i.embedder.EclipseLogger - Using 'UTF-8' encoding to copy filtered resources.
2016-09-13 04:33:52,463 [Worker-5] INFO  o.e.m.c.i.embedder.EclipseLogger - skip non existing resourceDirectory C:\Users\osmar\Documents\blank\osmar-horas\src\test\resources
2016-09-13 04:33:54,491 [Worker-3] INFO  o.e.m.c.i.embedder.EclipseLogger - Using 'UTF-8' encoding to copy filtered resources.
2016-09-13 04:33:54,492 [Worker-3] INFO  o.e.m.c.i.embedder.EclipseLogger - Copying 0 resource
2016-09-13 04:33:54,493 [Worker-3] INFO  o.e.m.c.i.embedder.EclipseLogger - Using 'UTF-8' encoding to copy filtered resources.
2016-09-13 04:33:54,493 [Worker-3] INFO  o.e.m.c.i.embedder.EclipseLogger - skip non existing resourceDirectory C:\Users\osmar\Documents\blank\osmar-horas\src\test\resources
2016-09-13 04:34:15,690 [Worker-10] INFO  o.e.m.c.i.embedder.EclipseLogger - Using 'UTF-8' encoding to copy filtered resources.
2016-09-13 04:34:15,698 [Worker-10] INFO  o.e.m.c.i.embedder.EclipseLogger - Copying 0 resource
2016-09-13 04:34:15,705 [Worker-10] INFO  o.e.m.c.i.embedder.EclipseLogger - Using 'UTF-8' encoding to copy filtered resources.
2016-09-13 04:34:15,706 [Worker-10] INFO  o.e.m.c.i.embedder.EclipseLogger - skip non existing resourceDirectory C:\Users\osmar\Documents\blank\osmar-horas\src\test\resources
2016-09-13 04:34:44,298 [Worker-5] INFO  o.e.m.c.i.embedder.EclipseLogger - Using 'UTF-8' encoding to copy filtered resources.
2016-09-13 04:34:44,298 [Worker-5] INFO  o.e.m.c.i.embedder.EclipseLogger - Copying 0 resource
2016-09-13 04:34:44,300 [Worker-5] INFO  o.e.m.c.i.embedder.EclipseLogger - Using 'UTF-8' encoding to copy filtered resources.
2016-09-13 04:34:44,301 [Worker-5] INFO  o.e.m.c.i.embedder.EclipseLogger - skip non existing resourceDirectory C:\Users\osmar\Documents\blank\osmar-horas\src\test\resources
2016-09-13 04:34:50,309 [Worker-7] INFO  o.e.m.c.i.embedder.EclipseLogger - Using 'UTF-8' encoding to copy filtered resources.
2016-09-13 04:34:50,324 [Worker-7] INFO  o.e.m.c.i.embedder.EclipseLogger - Copying 0 resource
2016-09-13 04:34:50,338 [Worker-7] INFO  o.e.m.c.i.embedder.EclipseLogger - Using 'UTF-8' encoding to copy filtered resources.
2016-09-13 04:34:50,338 [Worker-7] INFO  o.e.m.c.i.embedder.EclipseLogger - skip non existing resourceDirectory C:\Users\osmar\Documents\blank\osmar-horas\src\test\resources
2016-09-13 04:35:19,762 [Worker-11] INFO  o.e.m.c.i.embedder.EclipseLogger - Using 'UTF-8' encoding to copy filtered resources.
2016-09-13 04:35:19,762 [Worker-11] INFO  o.e.m.c.i.embedder.EclipseLogger - Copying 0 resource
2016-09-13 04:35:19,763 [Worker-11] INFO  o.e.m.c.i.embedder.EclipseLogger - Using 'UTF-8' encoding to copy filtered resources.
2016-09-13 04:35:19,764 [Worker-11] INFO  o.e.m.c.i.embedder.EclipseLogger - skip non existing resourceDirectory C:\Users\osmar\Documents\blank\osmar-horas\src\test\resources
2016-09-13 04:35:21,856 [Worker-5] INFO  o.e.m.c.i.embedder.EclipseLogger - Using 'UTF-8' encoding to copy filtered resources.
2016-09-13 04:35:21,883 [Worker-5] INFO  o.e.m.c.i.embedder.EclipseLogger - Copying 0 resource
2016-09-13 04:35:21,890 [Worker-5] INFO  o.e.m.c.i.embedder.EclipseLogger - Using 'UTF-8' encoding to copy filtered resources.
2016-09-13 04:35:21,890 [Worker-5] INFO  o.e.m.c.i.embedder.EclipseLogger - skip non existing resourceDirectory C:\Users\osmar\Documents\blank\osmar-horas\src\test\resources
2016-09-13 04:35:22,956 [Worker-0] INFO  o.e.m.c.i.embedder.EclipseLogger - Using 'UTF-8' encoding to copy filtered resources.
2016-09-13 04:35:22,956 [Worker-0] INFO  o.e.m.c.i.embedder.EclipseLogger - Copying 0 resource
2016-09-13 04:35:22,964 [Worker-0] INFO  o.e.m.c.i.embedder.EclipseLogger - Using 'UTF-8' encoding to copy filtered resources.
2016-09-13 04:35:22,964 [Worker-0] INFO  o.e.m.c.i.embedder.EclipseLogger - skip non existing resourceDirectory C:\Users\osmar\Documents\blank\osmar-horas\src\test\resources
2016-09-13 04:36:27,692 [Worker-13] INFO  o.e.m.c.i.embedder.EclipseLogger - Using 'UTF-8' encoding to copy filtered resources.
2016-09-13 04:36:27,728 [Worker-13] INFO  o.e.m.c.i.embedder.EclipseLogger - Copying 0 resource
2016-09-13 04:36:27,736 [Worker-13] INFO  o.e.m.c.i.embedder.EclipseLogger - Using 'UTF-8' encoding to copy filtered resources.
2016-09-13 04:36:27,736 [Worker-13] INFO  o.e.m.c.i.embedder.EclipseLogger - skip non existing resourceDirectory C:\Users\osmar\Documents\blank\osmar-horas\src\test\resources
2016-09-13 04:36:36,237 [Worker-1] INFO  o.e.m.c.i.embedder.EclipseLogger - Using 'UTF-8' encoding to copy filtered resources.
2016-09-13 04:36:36,238 [Worker-1] INFO  o.e.m.c.i.embedder.EclipseLogger - Copying 0 resource
2016-09-13 04:36:36,239 [Worker-1] INFO  o.e.m.c.i.embedder.EclipseLogger - Using 'UTF-8' encoding to copy filtered resources.
2016-09-13 04:36:36,239 [Worker-1] INFO  o.e.m.c.i.embedder.EclipseLogger - skip non existing resourceDirectory C:\Users\osmar\Documents\blank\osmar-horas\src\test\resources
2016-09-13 04:37:49,318 [Worker-6] INFO  o.e.m.c.i.embedder.EclipseLogger - Using 'UTF-8' encoding to copy filtered resources.
2016-09-13 04:37:49,324 [Worker-6] INFO  o.e.m.c.i.embedder.EclipseLogger - Copying 0 resource
2016-09-13 04:37:49,330 [Worker-6] INFO  o.e.m.c.i.embedder.EclipseLogger - Using 'UTF-8' encoding to copy filtered resources.
2016-09-13 04:37:49,330 [Worker-6] INFO  o.e.m.c.i.embedder.EclipseLogger - skip non existing resourceDirectory C:\Users\osmar\Documents\blank\osmar-horas\src\test\resources
2016-09-13 04:37:53,350 [Worker-2] INFO  o.e.m.c.i.embedder.EclipseLogger - Using 'UTF-8' encoding to copy filtered resources.
2016-09-13 04:37:53,351 [Worker-2] INFO  o.e.m.c.i.embedder.EclipseLogger - Copying 0 resource
2016-09-13 04:37:53,354 [Worker-2] INFO  o.e.m.c.i.embedder.EclipseLogger - Using 'UTF-8' encoding to copy filtered resources.
2016-09-13 04:37:53,354 [Worker-2] INFO  o.e.m.c.i.embedder.EclipseLogger - skip non existing resourceDirectory C:\Users\osmar\Documents\blank\osmar-horas\src\test\resources
2016-09-13 04:38:02,077 [Worker-10] INFO  o.e.m.c.i.embedder.EclipseLogger - Using 'UTF-8' encoding to copy filtered resources.
2016-09-13 04:38:02,086 [Worker-10] INFO  o.e.m.c.i.embedder.EclipseLogger - Copying 0 resource
2016-09-13 04:38:02,091 [Worker-10] INFO  o.e.m.c.i.embedder.EclipseLogger - Using 'UTF-8' encoding to copy filtered resources.
2016-09-13 04:38:02,091 [Worker-10] INFO  o.e.m.c.i.embedder.EclipseLogger - skip non existing resourceDirectory C:\Users\osmar\Documents\blank\osmar-horas\src\test\resources
2016-09-13 04:38:06,478 [Worker-10] INFO  o.e.m.c.i.embedder.EclipseLogger - Using 'UTF-8' encoding to copy filtered resources.
2016-09-13 04:38:06,479 [Worker-10] INFO  o.e.m.c.i.embedder.EclipseLogger - Copying 0 resource
2016-09-13 04:38:06,480 [Worker-10] INFO  o.e.m.c.i.embedder.EclipseLogger - Using 'UTF-8' encoding to copy filtered resources.
2016-09-13 04:38:06,480 [Worker-10] INFO  o.e.m.c.i.embedder.EclipseLogger - skip non existing resourceDirectory C:\Users\osmar\Documents\blank\osmar-horas\src\test\resources
2016-09-13 04:38:17,672 [Worker-11] INFO  o.e.m.c.i.p.ProjectConfigurationManager - Update started
2016-09-13 04:38:20,751 [Worker-11] INFO  o.e.m.c.i.l.LifecycleMappingFactory - Using org.maven.ide.eclipse.wtp.WarLifecycleMapping lifecycle mapping for MavenProject: br.com.osmar:osmar-horas:1.0.0 @ C:\Users\osmar\Documents\blank\osmar-horas\pom.xml.
2016-09-13 04:38:22,540 [Worker-11] INFO  o.e.m.j.i.AbstractJavaProjectConfigurator - Adding source folder /osmar-horas/src/main/java
2016-09-13 04:38:22,545 [Worker-11] INFO  o.e.m.j.i.AbstractJavaProjectConfigurator - Adding resource folder /osmar-horas/src/main/resources
2016-09-13 04:38:22,551 [Worker-11] INFO  o.e.m.j.i.AbstractJavaProjectConfigurator - Adding source folder /osmar-horas/src/test/java
2016-09-13 04:38:23,267 [Worker-11] INFO  o.e.m.w.i.f.ResourceFilteringBuildParticipant - Cleaning filtered folder for osmar-horas
2016-09-13 04:38:23,291 [Worker-11] INFO  o.e.m.c.i.p.ProjectConfigurationManager - Update completed: 5 sec
2016-09-13 04:38:24,781 [Worker-2] INFO  o.e.m.c.i.embedder.EclipseLogger - Using 'UTF-8' encoding to copy filtered resources.
2016-09-13 04:38:24,834 [Worker-2] INFO  o.e.m.c.i.embedder.EclipseLogger - Copying 3 resources
2016-09-13 04:38:24,947 [Worker-2] INFO  o.e.m.c.i.embedder.EclipseLogger - Using 'UTF-8' encoding to copy filtered resources.
2016-09-13 04:38:24,953 [Worker-2] INFO  o.e.m.c.i.embedder.EclipseLogger - skip non existing resourceDirectory C:\Users\osmar\Documents\blank\osmar-horas\src\test\resources
2016-09-13 04:38:24,954 [Worker-2] INFO  o.e.m.w.i.f.ResourceFilteringBuildParticipant - Changed resources require a complete clean of filtered resources of osmar-horas
2016-09-13 04:38:24,960 [Worker-2] INFO  o.e.m.w.i.f.ResourceFilteringBuildParticipant - Executing resource filtering for osmar-horas
2016-09-13 04:38:24,968 [Worker-2] INFO  o.e.m.c.i.embedder.EclipseLogger - Using 'UTF-8' encoding to copy filtered resources.
2016-09-13 04:43:32,643 [Worker-3] INFO  o.e.m.c.i.embedder.EclipseLogger - Using 'UTF-8' encoding to copy filtered resources.
2016-09-13 04:43:32,648 [Worker-3] INFO  o.e.m.c.i.embedder.EclipseLogger - Copying 0 resource
2016-09-13 04:43:32,654 [Worker-3] INFO  o.e.m.c.i.embedder.EclipseLogger - Using 'UTF-8' encoding to copy filtered resources.
2016-09-13 04:43:32,659 [Worker-3] INFO  o.e.m.c.i.embedder.EclipseLogger - skip non existing resourceDirectory C:\Users\osmar\Documents\blank\osmar-horas\src\test\resources
2016-09-13 04:43:59,029 [Worker-8] INFO  o.e.m.c.i.embedder.EclipseLogger - Using 'UTF-8' encoding to copy filtered resources.
2016-09-13 04:43:59,030 [Worker-8] INFO  o.e.m.c.i.embedder.EclipseLogger - Copying 0 resource
2016-09-13 04:43:59,047 [Worker-8] INFO  o.e.m.c.i.embedder.EclipseLogger - Using 'UTF-8' encoding to copy filtered resources.
2016-09-13 04:43:59,056 [Worker-8] INFO  o.e.m.c.i.embedder.EclipseLogger - skip non existing resourceDirectory C:\Users\osmar\Documents\blank\osmar-horas\src\test\resources
2016-09-13 04:44:11,501 [Worker-18] INFO  o.e.m.c.i.embedder.EclipseLogger - Using 'UTF-8' encoding to copy filtered resources.
2016-09-13 04:44:11,502 [Worker-18] INFO  o.e.m.c.i.embedder.EclipseLogger - Copying 0 resource
2016-09-13 04:44:11,533 [Worker-18] INFO  o.e.m.c.i.embedder.EclipseLogger - Using 'UTF-8' encoding to copy filtered resources.
2016-09-13 04:44:11,540 [Worker-18] INFO  o.e.m.c.i.embedder.EclipseLogger - skip non existing resourceDirectory C:\Users\osmar\Documents\blank\osmar-horas\src\test\resources
2016-09-13 04:44:12,583 [Worker-18] INFO  o.e.m.c.i.embedder.EclipseLogger - Using 'UTF-8' encoding to copy filtered resources.
2016-09-13 04:44:12,583 [Worker-18] INFO  o.e.m.c.i.embedder.EclipseLogger - Copying 0 resource
2016-09-13 04:44:12,643 [Worker-18] INFO  o.e.m.c.i.embedder.EclipseLogger - Using 'UTF-8' encoding to copy filtered resources.
2016-09-13 04:44:12,652 [Worker-18] INFO  o.e.m.c.i.embedder.EclipseLogger - skip non existing resourceDirectory C:\Users\osmar\Documents\blank\osmar-horas\src\test\resources
2016-09-13 04:44:26,594 [Worker-8] INFO  o.e.m.c.i.p.ProjectConfigurationManager - Update started
2016-09-13 04:44:27,064 [Worker-8] INFO  o.e.m.c.i.l.LifecycleMappingFactory - Using org.maven.ide.eclipse.wtp.WarLifecycleMapping lifecycle mapping for MavenProject: br.com.osmar:osmar-horas:1.0.0 @ C:\Users\osmar\Documents\blank\osmar-horas\pom.xml.
2016-09-13 04:44:28,291 [Worker-8] INFO  o.e.m.j.i.AbstractJavaProjectConfigurator - Adding source folder /osmar-horas/src/main/java
2016-09-13 04:44:28,308 [Worker-8] INFO  o.e.m.j.i.AbstractJavaProjectConfigurator - Adding resource folder /osmar-horas/src/main/resources
2016-09-13 04:44:28,322 [Worker-8] INFO  o.e.m.j.i.AbstractJavaProjectConfigurator - Adding source folder /osmar-horas/src/test/java
2016-09-13 04:44:29,107 [Worker-8] INFO  o.e.m.w.i.f.ResourceFilteringBuildParticipant - Cleaning filtered folder for osmar-horas
2016-09-13 04:44:29,193 [Worker-8] INFO  o.e.m.c.i.p.ProjectConfigurationManager - Update completed: 2 sec
2016-09-13 04:44:30,475 [Worker-25] INFO  o.e.m.c.i.embedder.EclipseLogger - Using 'UTF-8' encoding to copy filtered resources.
2016-09-13 04:44:30,483 [Worker-25] INFO  o.e.m.c.i.embedder.EclipseLogger - Copying 3 resources
2016-09-13 04:44:30,540 [Worker-25] INFO  o.e.m.c.i.embedder.EclipseLogger - Using 'UTF-8' encoding to copy filtered resources.
2016-09-13 04:44:30,554 [Worker-25] INFO  o.e.m.c.i.embedder.EclipseLogger - skip non existing resourceDirectory C:\Users\osmar\Documents\blank\osmar-horas\src\test\resources
2016-09-13 04:44:30,554 [Worker-25] INFO  o.e.m.w.i.f.ResourceFilteringBuildParticipant - Changed resources require a complete clean of filtered resources of osmar-horas
2016-09-13 04:44:30,555 [Worker-25] INFO  o.e.m.w.i.f.ResourceFilteringBuildParticipant - Executing resource filtering for osmar-horas
2016-09-13 04:44:30,561 [Worker-25] INFO  o.e.m.c.i.embedder.EclipseLogger - Using 'UTF-8' encoding to copy filtered resources.
2016-09-13 04:46:07,012 [Worker-29] INFO  o.e.m.c.i.embedder.EclipseLogger - Using 'UTF-8' encoding to copy filtered resources.
2016-09-13 04:46:07,016 [Worker-29] INFO  o.e.m.c.i.embedder.EclipseLogger - Copying 0 resource
2016-09-13 04:46:07,021 [Worker-29] INFO  o.e.m.c.i.embedder.EclipseLogger - Using 'UTF-8' encoding to copy filtered resources.
2016-09-13 04:46:07,022 [Worker-29] INFO  o.e.m.c.i.embedder.EclipseLogger - skip non existing resourceDirectory C:\Users\osmar\Documents\blank\osmar-horas\src\test\resources
2016-09-13 04:46:18,013 [Worker-25] INFO  o.e.m.c.i.embedder.EclipseLogger - Using 'UTF-8' encoding to copy filtered resources.
2016-09-13 04:46:18,014 [Worker-25] INFO  o.e.m.c.i.embedder.EclipseLogger - Copying 0 resource
2016-09-13 04:46:18,015 [Worker-25] INFO  o.e.m.c.i.embedder.EclipseLogger - Using 'UTF-8' encoding to copy filtered resources.
2016-09-13 04:46:18,015 [Worker-25] INFO  o.e.m.c.i.embedder.EclipseLogger - skip non existing resourceDirectory C:\Users\osmar\Documents\blank\osmar-horas\src\test\resources
2016-09-13 04:46:26,534 [Worker-23] INFO  o.e.m.c.i.p.ProjectConfigurationManager - Update started
2016-09-13 04:46:26,942 [Worker-23] INFO  o.e.m.c.i.l.LifecycleMappingFactory - Using org.maven.ide.eclipse.wtp.WarLifecycleMapping lifecycle mapping for MavenProject: br.com.osmar:osmar-horas:1.0.0 @ C:\Users\osmar\Documents\blank\osmar-horas\pom.xml.
2016-09-13 04:46:28,223 [Worker-23] INFO  o.e.m.j.i.AbstractJavaProjectConfigurator - Adding source folder /osmar-horas/src/main/java
2016-09-13 04:46:28,246 [Worker-23] INFO  o.e.m.j.i.AbstractJavaProjectConfigurator - Adding resource folder /osmar-horas/src/main/resources
2016-09-13 04:46:28,338 [Worker-23] INFO  o.e.m.j.i.AbstractJavaProjectConfigurator - Adding source folder /osmar-horas/src/test/java
2016-09-13 04:46:29,281 [Worker-23] INFO  o.e.m.w.i.f.ResourceFilteringBuildParticipant - Cleaning filtered folder for osmar-horas
2016-09-13 04:46:29,342 [Worker-23] INFO  o.e.m.c.i.p.ProjectConfigurationManager - Update completed: 2 sec
2016-09-13 04:46:30,645 [Worker-29] INFO  o.e.m.c.i.embedder.EclipseLogger - Using 'UTF-8' encoding to copy filtered resources.
2016-09-13 04:46:30,653 [Worker-29] INFO  o.e.m.c.i.embedder.EclipseLogger - Copying 3 resources
2016-09-13 04:46:30,676 [Worker-29] INFO  o.e.m.c.i.embedder.EclipseLogger - Using 'UTF-8' encoding to copy filtered resources.
2016-09-13 04:46:30,680 [Worker-29] INFO  o.e.m.c.i.embedder.EclipseLogger - skip non existing resourceDirectory C:\Users\osmar\Documents\blank\osmar-horas\src\test\resources
2016-09-13 04:46:30,681 [Worker-29] INFO  o.e.m.w.i.f.ResourceFilteringBuildParticipant - Changed resources require a complete clean of filtered resources of osmar-horas
2016-09-13 04:46:30,684 [Worker-29] INFO  o.e.m.w.i.f.ResourceFilteringBuildParticipant - Executing resource filtering for osmar-horas
2016-09-13 04:46:30,689 [Worker-29] INFO  o.e.m.c.i.embedder.EclipseLogger - Using 'UTF-8' encoding to copy filtered resources.
2016-09-13 04:48:32,317 [Worker-3] INFO  o.e.m.c.i.embedder.EclipseLogger - Using 'UTF-8' encoding to copy filtered resources.
2016-09-13 04:48:32,320 [Worker-3] INFO  o.e.m.c.i.embedder.EclipseLogger - Copying 0 resource
2016-09-13 04:48:32,330 [Worker-3] INFO  o.e.m.c.i.embedder.EclipseLogger - Using 'UTF-8' encoding to copy filtered resources.
2016-09-13 04:48:32,330 [Worker-3] INFO  o.e.m.c.i.embedder.EclipseLogger - skip non existing resourceDirectory C:\Users\osmar\Documents\blank\osmar-horas\src\test\resources
2016-09-13 04:54:20,934 [Worker-29] INFO  o.e.m.c.i.embedder.EclipseLogger - Using 'UTF-8' encoding to copy filtered resources.
2016-09-13 04:54:20,940 [Worker-29] INFO  o.e.m.c.i.embedder.EclipseLogger - Copying 1 resource
2016-09-13 04:54:20,970 [Worker-29] INFO  o.e.m.c.i.embedder.EclipseLogger - Using 'UTF-8' encoding to copy filtered resources.
2016-09-13 04:54:20,981 [Worker-29] INFO  o.e.m.c.i.embedder.EclipseLogger - skip non existing resourceDirectory C:\Users\osmar\Documents\blank\osmar-horas\src\test\resources
2016-09-13 04:54:23,647 [Worker-35] INFO  o.e.m.c.i.embedder.EclipseLogger - Using 'UTF-8' encoding to copy filtered resources.
2016-09-13 04:54:23,648 [Worker-35] INFO  o.e.m.c.i.embedder.EclipseLogger - Copying 1 resource
2016-09-13 04:54:23,661 [Worker-35] INFO  o.e.m.c.i.embedder.EclipseLogger - Using 'UTF-8' encoding to copy filtered resources.
2016-09-13 04:54:23,675 [Worker-35] INFO  o.e.m.c.i.embedder.EclipseLogger - skip non existing resourceDirectory C:\Users\osmar\Documents\blank\osmar-horas\src\test\resources
2016-09-13 04:54:25,854 [Worker-38] INFO  o.e.m.c.i.embedder.EclipseLogger - Using 'UTF-8' encoding to copy filtered resources.
2016-09-13 04:54:25,855 [Worker-38] INFO  o.e.m.c.i.embedder.EclipseLogger - Copying 1 resource
2016-09-13 04:54:25,865 [Worker-38] INFO  o.e.m.c.i.embedder.EclipseLogger - Using 'UTF-8' encoding to copy filtered resources.
2016-09-13 04:54:25,870 [Worker-38] INFO  o.e.m.c.i.embedder.EclipseLogger - skip non existing resourceDirectory C:\Users\osmar\Documents\blank\osmar-horas\src\test\resources
2016-09-13 04:54:34,598 [Worker-38] INFO  o.e.m.c.i.p.ProjectConfigurationManager - Update started
2016-09-13 04:54:36,527 [Worker-38] INFO  o.e.m.c.i.l.LifecycleMappingFactory - Using org.maven.ide.eclipse.wtp.WarLifecycleMapping lifecycle mapping for MavenProject: br.com.osmar:osmar-horas:1.0.0 @ C:\Users\osmar\Documents\blank\osmar-horas\pom.xml.
2016-09-13 04:54:39,749 [Worker-38] INFO  o.e.m.j.i.AbstractJavaProjectConfigurator - Adding source folder /osmar-horas/src/main/java
2016-09-13 04:54:39,754 [Worker-38] INFO  o.e.m.j.i.AbstractJavaProjectConfigurator - Adding resource folder /osmar-horas/src/main/resources
2016-09-13 04:54:39,758 [Worker-38] INFO  o.e.m.j.i.AbstractJavaProjectConfigurator - Adding source folder /osmar-horas/src/test/java
2016-09-13 04:54:40,565 [Worker-38] INFO  o.e.m.w.i.f.ResourceFilteringBuildParticipant - Cleaning filtered folder for osmar-horas
2016-09-13 04:54:40,580 [Worker-38] INFO  o.e.m.c.i.p.ProjectConfigurationManager - Update completed: 5 sec
2016-09-13 04:54:43,074 [Worker-42] INFO  o.e.m.c.i.embedder.EclipseLogger - Using 'UTF-8' encoding to copy filtered resources.
2016-09-13 04:54:43,087 [Worker-42] INFO  o.e.m.c.i.embedder.EclipseLogger - Copying 4 resources
2016-09-13 04:54:43,138 [Worker-42] INFO  o.e.m.c.i.embedder.EclipseLogger - Using 'UTF-8' encoding to copy filtered resources.
2016-09-13 04:54:43,172 [Worker-42] INFO  o.e.m.c.i.embedder.EclipseLogger - skip non existing resourceDirectory C:\Users\osmar\Documents\blank\osmar-horas\src\test\resources
2016-09-13 04:54:43,173 [Worker-42] INFO  o.e.m.w.i.f.ResourceFilteringBuildParticipant - Changed resources require a complete clean of filtered resources of osmar-horas
2016-09-13 04:54:43,173 [Worker-42] INFO  o.e.m.w.i.f.ResourceFilteringBuildParticipant - Executing resource filtering for osmar-horas
2016-09-13 04:54:43,180 [Worker-42] INFO  o.e.m.c.i.embedder.EclipseLogger - Using 'UTF-8' encoding to copy filtered resources.
2016-09-13 04:59:18,481 [Worker-35] INFO  o.e.m.c.i.embedder.EclipseLogger - Using 'UTF-8' encoding to copy filtered resources.
2016-09-13 04:59:18,501 [Worker-35] INFO  o.e.m.c.i.embedder.EclipseLogger - Copying 0 resource
2016-09-13 04:59:18,506 [Worker-35] INFO  o.e.m.c.i.embedder.EclipseLogger - Using 'UTF-8' encoding to copy filtered resources.
2016-09-13 04:59:18,506 [Worker-35] INFO  o.e.m.c.i.embedder.EclipseLogger - skip non existing resourceDirectory C:\Users\osmar\Documents\blank\osmar-horas\src\test\resources
2016-09-13 05:38:35,321 [Worker-50] INFO  o.e.m.c.i.embedder.EclipseLogger - Using 'UTF-8' encoding to copy filtered resources.
2016-09-13 05:38:35,325 [Worker-50] INFO  o.e.m.c.i.embedder.EclipseLogger - Copying 0 resource
2016-09-13 05:38:35,349 [Worker-50] INFO  o.e.m.c.i.embedder.EclipseLogger - Using 'UTF-8' encoding to copy filtered resources.
2016-09-13 05:38:35,362 [Worker-50] INFO  o.e.m.c.i.embedder.EclipseLogger - skip non existing resourceDirectory C:\Users\osmar\Documents\blank\osmar-horas\src\test\resources
2016-09-13 05:44:04,058 [Worker-49] INFO  o.e.m.c.i.embedder.EclipseLogger - Using 'UTF-8' encoding to copy filtered resources.
2016-09-13 05:44:04,059 [Worker-49] INFO  o.e.m.c.i.embedder.EclipseLogger - Copying 0 resource
2016-09-13 05:44:04,061 [Worker-49] INFO  o.e.m.c.i.embedder.EclipseLogger - Using 'UTF-8' encoding to copy filtered resources.
2016-09-13 05:44:04,061 [Worker-49] INFO  o.e.m.c.i.embedder.EclipseLogger - skip non existing resourceDirectory C:\Users\osmar\Documents\blank\osmar-horas\src\test\resources
2016-09-13 06:00:36,527 [Worker-61] INFO  o.e.m.c.i.embedder.EclipseLogger - Using 'UTF-8' encoding to copy filtered resources.
2016-09-13 06:00:36,581 [Worker-61] INFO  o.e.m.c.i.embedder.EclipseLogger - Copying 0 resource
2016-09-13 06:00:36,597 [Worker-61] INFO  o.e.m.c.i.embedder.EclipseLogger - Using 'UTF-8' encoding to copy filtered resources.
2016-09-13 06:00:36,597 [Worker-61] INFO  o.e.m.c.i.embedder.EclipseLogger - skip non existing resourceDirectory C:\Users\osmar\Documents\blank\osmar-horas\src\test\resources
2016-09-13 06:01:02,082 [Worker-62] INFO  o.e.m.c.i.embedder.EclipseLogger - Using 'UTF-8' encoding to copy filtered resources.
2016-09-13 06:01:02,083 [Worker-62] INFO  o.e.m.c.i.embedder.EclipseLogger - Copying 0 resource
2016-09-13 06:01:02,084 [Worker-62] INFO  o.e.m.c.i.embedder.EclipseLogger - Using 'UTF-8' encoding to copy filtered resources.
2016-09-13 06:01:02,085 [Worker-62] INFO  o.e.m.c.i.embedder.EclipseLogger - skip non existing resourceDirectory C:\Users\osmar\Documents\blank\osmar-horas\src\test\resources
2016-09-13 06:27:07,519 [Worker-6] INFO  o.e.m.c.i.embedder.EclipseLogger - Using 'UTF-8' encoding to copy filtered resources.
2016-09-13 06:27:07,539 [Worker-6] INFO  o.e.m.c.i.embedder.EclipseLogger - Copying 4 resources
2016-09-13 06:27:07,550 [Worker-6] INFO  o.e.m.c.i.embedder.EclipseLogger - Using 'UTF-8' encoding to copy filtered resources.
2016-09-13 06:27:07,550 [Worker-6] INFO  o.e.m.c.i.embedder.EclipseLogger - skip non existing resourceDirectory C:\Users\osmar\Documents\workspace\horas\osmar-horas\src\test\resources
2016-09-13 06:27:23,956 [Worker-3] INFO  o.e.m.c.i.p.ProjectConfigurationManager - Update started
2016-09-13 06:27:29,368 [Worker-3] INFO  o.e.m.c.i.l.LifecycleMappingFactory - Using org.maven.ide.eclipse.wtp.WarLifecycleMapping lifecycle mapping for MavenProject: br.com.osmar:osmar-horas:1.0.0 @ C:\Users\osmar\Documents\workspace\horas\osmar-horas\pom.xml.
2016-09-13 06:27:36,973 [Worker-3] INFO  o.e.m.j.i.AbstractJavaProjectConfigurator - Adding source folder /osmar-horas/src/main/java
2016-09-13 06:27:36,976 [Worker-3] INFO  o.e.m.j.i.AbstractJavaProjectConfigurator - Adding resource folder /osmar-horas/src/main/resources
2016-09-13 06:27:36,976 [Worker-3] INFO  o.e.m.j.i.AbstractJavaProjectConfigurator - Adding source folder /osmar-horas/src/test/java
2016-09-13 06:27:38,874 [Worker-3] INFO  o.e.m.w.i.f.ResourceFilteringBuildParticipant - Cleaning filtered folder for osmar-horas
2016-09-13 06:27:38,888 [Worker-3] INFO  o.e.m.c.i.p.ProjectConfigurationManager - Update completed: 14 sec
2016-09-13 06:27:44,231 [Worker-19] INFO  o.e.m.c.i.embedder.EclipseLogger - Using 'UTF-8' encoding to copy filtered resources.
2016-09-13 06:27:44,234 [Worker-19] INFO  o.e.m.c.i.embedder.EclipseLogger - Copying 4 resources
2016-09-13 06:27:44,278 [Worker-19] INFO  o.e.m.c.i.embedder.EclipseLogger - Using 'UTF-8' encoding to copy filtered resources.
2016-09-13 06:27:44,279 [Worker-19] INFO  o.e.m.c.i.embedder.EclipseLogger - skip non existing resourceDirectory C:\Users\osmar\Documents\workspace\horas\osmar-horas\src\test\resources
2016-09-13 06:27:44,279 [Worker-19] INFO  o.e.m.w.i.f.ResourceFilteringBuildParticipant - Changed resources require a complete clean of filtered resources of osmar-horas
2016-09-13 06:27:44,293 [Worker-19] INFO  o.e.m.w.i.f.ResourceFilteringBuildParticipant - Executing resource filtering for osmar-horas
2016-09-13 06:27:44,314 [Worker-19] INFO  o.e.m.c.i.embedder.EclipseLogger - Using 'UTF-8' encoding to copy filtered resources.
